TN:
SF:app\layout.tsx
FN:10,RootLayout
FNF:1
FNH:0
FNDA:0,RootLayout
DA:2,0
DA:4,0
DA:10,0
LF:3
LH:0
BRF:0
BRH:0
end_of_record
TN:
SF:app\(auth)\layout.tsx
FN:3,AuthLayout
FNF:1
FNH:0
FNDA:0,AuthLayout
DA:3,0
DA:8,0
LF:2
LH:0
BRF:0
BRH:0
end_of_record
TN:
SF:app\(auth)\callback\route.ts
FN:4,GET
FNF:1
FNH:0
FNDA:0,GET
DA:1,0
DA:2,0
DA:4,0
DA:5,0
DA:6,0
DA:7,0
DA:9,0
DA:10,0
DA:11,0
DA:14,0
LF:10
LH:0
BRDA:7,0,0,0
BRDA:7,0,1,0
BRDA:9,1,0,0
BRDA:9,1,1,0
BRF:4
BRH:0
end_of_record
TN:
SF:app\(auth)\login\page.tsx
FN:5,LoginPage
FNF:1
FNH:0
FNDA:0,LoginPage
DA:1,0
DA:2,0
DA:3,0
DA:5,0
LF:4
LH:0
BRF:0
BRH:0
end_of_record
TN:
SF:app\(auth)\signup\page.tsx
FN:6,SignupPage
FNF:1
FNH:0
FNDA:0,SignupPage
DA:6,0
LF:1
LH:0
BRF:0
BRH:0
end_of_record
TN:
SF:app\(private)\layout.tsx
FN:3,PrivateLayout
FNF:1
FNH:0
FNDA:0,PrivateLayout
DA:3,0
DA:8,0
LF:2
LH:0
BRF:0
BRH:0
end_of_record
TN:
SF:app\(private)\dashboard\layout.tsx
FN:10,DashboardLayout
FN:20,(anonymous_2)
FN:22,(anonymous_3)
FNF:3
FNH:0
FNDA:0,DashboardLayout
FNDA:0,(anonymous_2)
FNDA:0,(anonymous_3)
DA:5,0
DA:6,0
DA:7,0
DA:8,0
DA:10,0
DA:15,0
DA:20,0
DA:22,0
LF:8
LH:0
BRF:0
BRH:0
end_of_record
TN:
SF:app\(private)\dashboard\page.tsx
FN:5,DashboardPage
FNF:1
FNH:0
FNDA:0,DashboardPage
DA:1,0
DA:2,0
DA:3,0
DA:5,0
LF:4
LH:0
BRF:0
BRH:0
end_of_record
TN:
SF:app\(private)\dashboard\function-model\page.tsx
FN:45,FunctionModelPage
FN:80,(anonymous_3)
FNF:2
FNH:0
FNDA:0,FunctionModelPage
FNDA:0,(anonymous_3)
DA:3,0
DA:4,0
DA:5,0
DA:6,0
DA:7,0
DA:8,0
DA:9,0
DA:12,0
DA:45,0
DA:81,0
LF:10
LH:0
BRDA:92,0,0,0
BRDA:92,0,1,0
BRDA:93,1,0,0
BRDA:93,1,1,0
BRF:4
BRH:0
end_of_record
TN:
SF:app\(private)\dashboard\function-model\[modelId]\page.tsx
FN:31,WorkflowDesignerPage
FN:89,(anonymous_3)
FN:90,(anonymous_4)
FN:91,(anonymous_5)
FN:92,(anonymous_6)
FN:93,(anonymous_7)
FN:94,(anonymous_8)
FN:95,(anonymous_9)
FN:96,(anonymous_10)
FNF:9
FNH:0
FNDA:0,WorkflowDesignerPage
FNDA:0,(anonymous_3)
FNDA:0,(anonymous_4)
FNDA:0,(anonymous_5)
FNDA:0,(anonymous_6)
FNDA:0,(anonymous_7)
FNDA:0,(anonymous_8)
FNDA:0,(anonymous_9)
FNDA:0,(anonymous_10)
DA:3,0
DA:4,0
DA:5,0
DA:7,0
DA:8,0
DA:9,0
DA:12,0
DA:18,0
DA:31,0
DA:32,0
DA:33,0
DA:89,0
DA:90,0
DA:91,0
DA:92,0
DA:93,0
DA:94,0
DA:95,0
DA:96,0
LF:19
LH:0
BRF:0
BRH:0
end_of_record
TN:
SF:app\(private)\dashboard\function-model\[modelId]\edit\page.tsx
FN:46,WorkflowEditPage
FN:60,(anonymous_6)
FN:67,(anonymous_7)
FN:170,(anonymous_8)
FN:170,(anonymous_9)
FN:178,(anonymous_10)
FN:178,(anonymous_11)
FN:199,(anonymous_12)
FN:199,(anonymous_13)
FN:210,(anonymous_14)
FN:210,(anonymous_15)
FN:227,(anonymous_16)
FN:227,(anonymous_17)
FN:246,(anonymous_18)
FN:246,(anonymous_19)
FNF:15
FNH:0
FNDA:0,WorkflowEditPage
FNDA:0,(anonymous_6)
FNDA:0,(anonymous_7)
FNDA:0,(anonymous_8)
FNDA:0,(anonymous_9)
FNDA:0,(anonymous_10)
FNDA:0,(anonymous_11)
FNDA:0,(anonymous_12)
FNDA:0,(anonymous_13)
FNDA:0,(anonymous_14)
FNDA:0,(anonymous_15)
FNDA:0,(anonymous_16)
FNDA:0,(anonymous_17)
FNDA:0,(anonymous_18)
FNDA:0,(anonymous_19)
DA:3,0
DA:4,0
DA:5,0
DA:6,0
DA:7,0
DA:8,0
DA:9,0
DA:10,0
DA:11,0
DA:12,0
DA:14,0
DA:15,0
DA:18,0
DA:19,0
DA:20,0
DA:21,0
DA:24,0
DA:46,0
DA:47,0
DA:48,0
DA:49,0
DA:50,0
DA:51,0
DA:60,0
DA:62,0
DA:64,0
DA:67,0
DA:69,0
DA:170,0
DA:178,0
DA:199,0
DA:210,0
DA:227,0
DA:246,0
LF:34
LH:0
BRF:0
BRH:0
end_of_record
TN:
SF:app\(private)\dashboard\function-model\components\controls\execution-controls.tsx
FN:27,ExecutionControls
FNF:1
FNH:0
FNDA:0,ExecutionControls
DA:3,0
DA:4,0
DA:5,0
DA:6,0
DA:7,0
DA:27,0
LF:6
LH:0
BRDA:56,0,0,0
BRDA:56,0,1,0
BRDA:66,1,0,0
BRDA:66,1,1,0
BRDA:79,2,0,0
BRDA:79,2,1,0
BRDA:87,3,0,0
BRDA:97,4,0,0
BRDA:120,5,0,0
BRDA:120,5,1,0
BRDA:134,6,0,0
BRDA:134,6,1,0
BRDA:135,7,0,0
BRDA:135,7,1,0
BRDA:141,8,0,0
BRDA:141,8,1,0
BRDA:142,9,0,0
BRDA:142,9,1,0
BRF:18
BRH:0
end_of_record
TN:
SF:app\(private)\dashboard\function-model\components\controls\execution-history.tsx
FN:44,ExecutionHistory
FN:55,(anonymous_5)
FN:84,(anonymous_6)
FN:91,(anonymous_7)
FN:93,(anonymous_8)
FN:94,(anonymous_9)
FN:95,(anonymous_10)
FN:96,(anonymous_11)
FN:101,(anonymous_12)
FN:107,(anonymous_13)
FN:154,(anonymous_14)
FN:161,(anonymous_15)
FN:213,(anonymous_16)
FN:273,(anonymous_17)
FNF:14
FNH:0
FNDA:0,ExecutionHistory
FNDA:0,(anonymous_5)
FNDA:0,(anonymous_6)
FNDA:0,(anonymous_7)
FNDA:0,(anonymous_8)
FNDA:0,(anonymous_9)
FNDA:0,(anonymous_10)
FNDA:0,(anonymous_11)
FNDA:0,(anonymous_12)
FNDA:0,(anonymous_13)
FNDA:0,(anonymous_14)
FNDA:0,(anonymous_15)
FNDA:0,(anonymous_16)
FNDA:0,(anonymous_17)
DA:3,0
DA:4,0
DA:5,0
DA:6,0
DA:7,0
DA:8,0
DA:22,0
DA:23,0
DA:44,0
DA:51,0
DA:52,0
DA:53,0
DA:55,0
DA:56,0
DA:58,0
DA:64,0
DA:70,0
DA:76,0
DA:84,0
DA:85,0
DA:87,0
DA:88,0
DA:91,0
DA:92,0
DA:93,0
DA:94,0
DA:95,0
DA:96,0
DA:98,0
DA:101,0
DA:102,0
DA:103,0
DA:104,0
DA:107,0
DA:108,0
DA:111,0
DA:154,0
DA:161,0
DA:214,0
DA:215,0
DA:273,0
LF:41
LH:0
BRDA:56,0,0,0
BRDA:56,0,1,0
BRDA:56,0,2,0
BRDA:56,0,3,0
BRDA:85,1,0,0
BRDA:85,1,1,0
BRDA:87,2,0,0
BRDA:87,2,1,0
BRDA:88,3,0,0
BRDA:88,3,1,0
BRDA:102,4,0,0
BRDA:102,4,1,0
BRDA:103,5,0,0
BRDA:103,5,1,0
BRDA:208,6,0,0
BRDA:230,7,0,0
BRDA:235,8,0,0
BRDA:235,8,1,0
BRDA:248,9,0,0
BRDA:271,10,0,0
BRDA:271,10,1,0
BRDA:273,11,0,0
BRDA:273,11,1,0
BRDA:286,12,0,0
BRDA:286,12,1,0
BRDA:299,13,0,0
BRDA:299,13,1,0
BRF:27
BRH:0
end_of_record
TN:
SF:app\(private)\dashboard\function-model\components\controls\execution-mode-selector.tsx
FN:23,ExecutionModeSelector
FN:78,(anonymous_3)
FN:85,(anonymous_4)
FN:120,(anonymous_5)
FN:123,(anonymous_6)
FNF:5
FNH:0
FNDA:0,ExecutionModeSelector
FNDA:0,(anonymous_3)
FNDA:0,(anonymous_4)
FNDA:0,(anonymous_5)
FNDA:0,(anonymous_6)
DA:3,0
DA:4,0
DA:5,0
DA:6,0
DA:13,0
DA:14,0
DA:23,0
DA:29,0
DA:79,0
DA:80,0
DA:85,0
DA:120,0
DA:123,0
LF:13
LH:0
BRDA:26,0,0,0
BRDA:89,1,0,0
BRDA:89,1,1,0
BRDA:92,2,0,0
BRDA:92,2,1,0
BRDA:97,3,0,0
BRDA:97,3,1,0
BRDA:107,4,0,0
BRDA:107,4,1,0
BRF:9
BRH:0
end_of_record
TN:
SF:app\(private)\dashboard\function-model\components\controls\execution-status.tsx
FN:22,ExecutionStatus
FN:33,(anonymous_3)
FN:74,(anonymous_4)
FN:79,(anonymous_5)
FN:88,(anonymous_6)
FNF:5
FNH:0
FNDA:0,ExecutionStatus
FNDA:0,(anonymous_3)
FNDA:0,(anonymous_4)
FNDA:0,(anonymous_5)
FNDA:0,(anonymous_6)
DA:3,0
DA:4,0
DA:5,0
DA:6,0
DA:7,0
DA:8,0
DA:22,0
DA:33,0
DA:34,0
DA:36,0
DA:42,0
DA:48,0
DA:54,0
DA:60,0
DA:66,0
DA:74,0
DA:75,0
DA:76,0
DA:79,0
DA:80,0
DA:81,0
DA:82,0
DA:83,0
DA:84,0
DA:85,0
DA:88,0
DA:89,0
DA:90,0
DA:91,0
DA:92,0
DA:93,0
DA:94,0
DA:95,0
DA:96,0
DA:99,0
DA:100,0
DA:101,0
DA:102,0
LF:38
LH:0
BRDA:34,0,0,0
BRDA:34,0,1,0
BRDA:34,0,2,0
BRDA:34,0,3,0
BRDA:34,0,4,0
BRDA:34,0,5,0
BRDA:75,1,0,0
BRDA:75,1,1,0
BRDA:80,2,0,0
BRDA:80,2,1,0
BRDA:82,3,0,0
BRDA:82,3,1,0
BRDA:89,4,0,0
BRDA:89,4,1,0
BRDA:89,5,0,0
BRDA:89,5,1,0
BRDA:90,6,0,0
BRDA:90,6,1,0
BRDA:92,7,0,0
BRDA:92,7,1,0
BRDA:93,8,0,0
BRDA:93,8,1,0
BRDA:114,9,0,0
BRDA:118,10,0,0
BRDA:150,11,0,0
BRDA:150,11,1,0
BRDA:150,11,2,0
BRDA:161,12,0,0
BRDA:161,12,1,0
BRDA:172,13,0,0
BRDA:181,14,0,0
BRF:31
BRH:0
end_of_record
TN:
SF:app\(private)\dashboard\function-model\components\controls\orchestration-controls.tsx
FN:56,OrchestrationControls
FN:83,(anonymous_5)
FN:128,(anonymous_6)
FN:141,(anonymous_7)
FN:149,(anonymous_8)
FN:187,(anonymous_9)
FN:214,(anonymous_10)
FN:222,(anonymous_11)
FN:244,(anonymous_12)
FNF:9
FNH:0
FNDA:0,OrchestrationControls
FNDA:0,(anonymous_5)
FNDA:0,(anonymous_6)
FNDA:0,(anonymous_7)
FNDA:0,(anonymous_8)
FNDA:0,(anonymous_9)
FNDA:0,(anonymous_10)
FNDA:0,(anonymous_11)
FNDA:0,(anonymous_12)
DA:3,0
DA:4,0
DA:5,0
DA:6,0
DA:7,0
DA:8,0
DA:10,0
DA:27,0
DA:28,0
DA:56,0
DA:81,0
DA:83,0
DA:84,0
DA:86,0
DA:92,0
DA:98,0
DA:104,0
DA:110,0
DA:118,0
DA:128,0
DA:142,0
DA:143,0
DA:144,0
DA:149,0
DA:187,0
DA:214,0
DA:223,0
DA:244,0
LF:28
LH:0
BRDA:66,0,0,0
BRDA:67,1,0,0
BRDA:68,2,0,0
BRDA:84,3,0,0
BRDA:84,3,1,0
BRDA:84,3,2,0
BRDA:84,3,3,0
BRDA:84,3,4,0
BRDA:147,4,0,0
BRDA:147,4,1,0
BRDA:153,5,0,0
BRDA:153,5,1,0
BRDA:158,6,0,0
BRDA:158,6,1,0
BRDA:173,7,0,0
BRDA:176,8,0,0
BRDA:187,9,0,0
BRDA:187,9,1,0
BRDA:203,10,0,0
BRDA:214,11,0,0
BRDA:214,11,1,0
BRDA:227,12,0,0
BRDA:227,12,1,0
BRDA:239,13,0,0
BRDA:294,14,0,0
BRDA:294,14,1,0
BRDA:304,15,0,0
BRDA:304,15,1,0
BRDA:317,16,0,0
BRDA:317,16,1,0
BRDA:325,17,0,0
BRDA:335,18,0,0
BRDA:358,19,0,0
BRDA:358,19,1,0
BRDA:373,20,0,0
BRDA:373,20,1,0
BRDA:374,21,0,0
BRDA:374,21,1,0
BRDA:380,22,0,0
BRDA:380,22,1,0
BRDA:381,23,0,0
BRDA:381,23,1,0
BRF:42
BRH:0
end_of_record
TN:
SF:app\(private)\dashboard\function-model\components\management\workflow-actions.tsx
FN:19,WorkflowActions
FN:30,(anonymous_5)
FN:35,(anonymous_6)
FN:40,(anonymous_7)
FN:44,(anonymous_8)
FN:48,(anonymous_9)
FN:53,(anonymous_10)
FN:64,(anonymous_11)
FN:74,(anonymous_12)
FN:87,(anonymous_13)
FN:93,(anonymous_14)
FN:103,(anonymous_15)
FN:109,(anonymous_16)
FN:128,(anonymous_17)
FN:134,(anonymous_18)
FN:152,(anonymous_19)
FN:158,(anonymous_20)
FN:183,(anonymous_21)
FN:209,(anonymous_22)
FNF:19
FNH:0
FNDA:0,WorkflowActions
FNDA:0,(anonymous_5)
FNDA:0,(anonymous_6)
FNDA:0,(anonymous_7)
FNDA:0,(anonymous_8)
FNDA:0,(anonymous_9)
FNDA:0,(anonymous_10)
FNDA:0,(anonymous_11)
FNDA:0,(anonymous_12)
FNDA:0,(anonymous_13)
FNDA:0,(anonymous_14)
FNDA:0,(anonymous_15)
FNDA:0,(anonymous_16)
FNDA:0,(anonymous_17)
FNDA:0,(anonymous_18)
FNDA:0,(anonymous_19)
FNDA:0,(anonymous_20)
FNDA:0,(anonymous_21)
FNDA:0,(anonymous_22)
DA:3,0
DA:4,0
DA:5,0
DA:6,0
DA:7,0
DA:19,0
DA:27,0
DA:28,0
DA:30,0
DA:31,0
DA:32,0
DA:35,0
DA:36,0
DA:37,0
DA:40,0
DA:41,0
DA:44,0
DA:45,0
DA:48,0
DA:50,0
DA:53,0
DA:55,0
DA:58,0
DA:64,0
DA:74,0
DA:87,0
DA:93,0
DA:103,0
DA:109,0
DA:128,0
DA:134,0
DA:152,0
DA:158,0
DA:183,0
DA:209,0
LF:35
LH:0
BRDA:58,0,0,0
BRDA:58,0,1,0
BRDA:76,1,0,0
BRDA:76,1,1,0
BRDA:105,2,0,0
BRDA:105,2,1,0
BRDA:139,3,0,0
BRDA:139,3,1,0
BRDA:154,4,0,0
BRDA:154,4,1,0
BRDA:199,5,0,0
BRDA:199,5,1,0
BRDA:202,6,0,0
BRDA:202,6,1,0
BRDA:213,7,0,0
BRDA:213,7,1,0
BRF:16
BRH:0
end_of_record
TN:
SF:app\(private)\dashboard\function-model\components\management\workflow-card.tsx
FN:21,WorkflowCard
FN:29,(anonymous_3)
FN:39,(anonymous_4)
FN:159,(anonymous_5)
FNF:4
FNH:0
FNDA:0,WorkflowCard
FNDA:0,(anonymous_3)
FNDA:0,(anonymous_4)
FNDA:0,(anonymous_5)
DA:3,0
DA:4,0
DA:5,0
DA:7,0
DA:8,0
DA:10,0
DA:21,0
DA:29,0
DA:30,0
DA:31,0
DA:32,0
DA:33,0
DA:34,0
DA:35,0
DA:39,0
DA:40,0
DA:41,0
DA:43,0
DA:44,0
DA:45,0
DA:46,0
DA:49,0
DA:160,0
LF:23
LH:0
BRDA:30,0,0,0
BRDA:30,0,1,0
BRDA:30,0,2,0
BRDA:30,0,3,0
BRDA:30,0,4,0
BRDA:43,1,0,0
BRDA:43,1,1,0
BRDA:44,2,0,0
BRDA:44,2,1,0
BRDA:45,3,0,0
BRDA:45,3,1,0
BRDA:49,4,0,0
BRDA:49,4,1,0
BRDA:155,5,0,0
BRDA:164,6,0,0
BRF:15
BRH:0
end_of_record
TN:
SF:app\(private)\dashboard\function-model\components\management\workflow-creator.tsx
FN:104,WorkflowCreator
FN:123,(anonymous_5)
FN:129,(anonymous_6)
FN:135,(anonymous_7)
FN:137,(anonymous_8)
FN:145,(anonymous_9)
FN:162,(anonymous_10)
FN:175,(anonymous_11)
FN:199,(anonymous_12)
FN:230,(anonymous_13)
FN:230,(anonymous_14)
FN:239,(anonymous_15)
FN:239,(anonymous_16)
FN:246,(anonymous_17)
FN:246,(anonymous_18)
FN:271,(anonymous_19)
FN:279,(anonymous_20)
FN:302,(anonymous_21)
FN:324,(anonymous_22)
FN:324,(anonymous_23)
FN:353,(anonymous_24)
FN:353,(anonymous_25)
FN:394,(anonymous_26)
FNF:23
FNH:0
FNDA:0,WorkflowCreator
FNDA:0,(anonymous_5)
FNDA:0,(anonymous_6)
FNDA:0,(anonymous_7)
FNDA:0,(anonymous_8)
FNDA:0,(anonymous_9)
FNDA:0,(anonymous_10)
FNDA:0,(anonymous_11)
FNDA:0,(anonymous_12)
FNDA:0,(anonymous_13)
FNDA:0,(anonymous_14)
FNDA:0,(anonymous_15)
FNDA:0,(anonymous_16)
FNDA:0,(anonymous_17)
FNDA:0,(anonymous_18)
FNDA:0,(anonymous_19)
FNDA:0,(anonymous_20)
FNDA:0,(anonymous_21)
FNDA:0,(anonymous_22)
FNDA:0,(anonymous_23)
FNDA:0,(anonymous_24)
FNDA:0,(anonymous_25)
FNDA:0,(anonymous_26)
DA:3,0
DA:4,0
DA:5,0
DA:6,0
DA:7,0
DA:8,0
DA:9,0
DA:10,0
DA:12,0
DA:41,0
DA:104,0
DA:109,0
DA:110,0
DA:111,0
DA:121,0
DA:123,0
DA:124,0
DA:125,0
DA:129,0
DA:130,0
DA:131,0
DA:135,0
DA:136,0
DA:137,0
DA:145,0
DA:146,0
DA:147,0
DA:149,0
DA:150,0
DA:151,0
DA:162,0
DA:163,0
DA:165,0
DA:167,0
DA:169,0
DA:171,0
DA:175,0
DA:176,0
DA:177,0
DA:178,0
DA:179,0
DA:180,0
DA:200,0
DA:230,0
DA:239,0
DA:246,0
DA:272,0
DA:279,0
DA:303,0
DA:324,0
DA:353,0
DA:394,0
LF:52
LH:0
BRDA:124,0,0,0
BRDA:124,0,1,0
BRDA:130,1,0,0
BRDA:130,1,1,0
BRDA:163,2,0,0
BRDA:163,2,1,0
BRDA:163,2,2,0
BRDA:163,2,3,0
BRDA:165,3,0,0
BRDA:165,3,1,0
BRDA:176,4,0,0
BRDA:176,4,1,0
BRDA:176,4,2,0
BRDA:176,4,3,0
BRDA:202,5,0,0
BRDA:202,5,1,0
BRDA:206,6,0,0
BRDA:206,6,1,0
BRDA:208,7,0,0
BRDA:210,8,0,0
BRDA:210,8,1,0
BRDA:220,9,0,0
BRDA:266,10,0,0
BRDA:275,11,0,0
BRDA:275,11,1,0
BRDA:317,12,0,0
BRDA:365,13,0,0
BRDA:385,14,0,0
BRDA:398,15,0,0
BRF:29
BRH:0
end_of_record
TN:
SF:app\(private)\dashboard\function-model\components\management\workflow-editor.tsx
FN:81,WorkflowEditor
FN:105,(anonymous_5)
FN:113,(anonymous_6)
FN:114,(anonymous_7)
FN:118,(anonymous_8)
FN:123,(anonymous_9)
FN:132,(anonymous_10)
FN:137,(anonymous_11)
FN:146,(anonymous_12)
FN:152,(anonymous_13)
FN:153,(anonymous_14)
FN:156,(anonymous_15)
FN:157,(anonymous_16)
FN:158,(anonymous_17)
FN:164,(anonymous_18)
FN:165,(anonymous_19)
FN:166,(anonymous_20)
FN:172,(anonymous_21)
FN:182,(anonymous_22)
FN:185,(anonymous_23)
FN:186,(anonymous_24)
FN:186,(anonymous_25)
FN:187,(anonymous_26)
FN:188,(anonymous_27)
FN:192,(anonymous_28)
FN:193,(anonymous_29)
FN:204,(anonymous_30)
FN:208,(anonymous_31)
FN:220,(anonymous_32)
FN:302,(anonymous_33)
FN:311,(anonymous_34)
FN:322,(anonymous_35)
FN:333,(anonymous_36)
FN:352,(anonymous_37)
FN:370,(anonymous_38)
FN:437,(anonymous_39)
FN:448,(anonymous_40)
FN:460,(anonymous_41)
FN:476,(anonymous_42)
FN:483,(anonymous_43)
FN:510,(anonymous_44)
FN:532,(anonymous_45)
FN:539,(anonymous_46)
FN:540,(anonymous_47)
FN:541,(anonymous_48)
FN:557,(anonymous_49)
FN:598,(anonymous_50)
FN:612,(anonymous_51)
FN:623,(anonymous_52)
FN:628,(anonymous_53)
FN:629,(anonymous_54)
FN:642,(anonymous_55)
FN:656,(anonymous_56)
FNF:53
FNH:0
FNDA:0,WorkflowEditor
FNDA:0,(anonymous_5)
FNDA:0,(anonymous_6)
FNDA:0,(anonymous_7)
FNDA:0,(anonymous_8)
FNDA:0,(anonymous_9)
FNDA:0,(anonymous_10)
FNDA:0,(anonymous_11)
FNDA:0,(anonymous_12)
FNDA:0,(anonymous_13)
FNDA:0,(anonymous_14)
FNDA:0,(anonymous_15)
FNDA:0,(anonymous_16)
FNDA:0,(anonymous_17)
FNDA:0,(anonymous_18)
FNDA:0,(anonymous_19)
FNDA:0,(anonymous_20)
FNDA:0,(anonymous_21)
FNDA:0,(anonymous_22)
FNDA:0,(anonymous_23)
FNDA:0,(anonymous_24)
FNDA:0,(anonymous_25)
FNDA:0,(anonymous_26)
FNDA:0,(anonymous_27)
FNDA:0,(anonymous_28)
FNDA:0,(anonymous_29)
FNDA:0,(anonymous_30)
FNDA:0,(anonymous_31)
FNDA:0,(anonymous_32)
FNDA:0,(anonymous_33)
FNDA:0,(anonymous_34)
FNDA:0,(anonymous_35)
FNDA:0,(anonymous_36)
FNDA:0,(anonymous_37)
FNDA:0,(anonymous_38)
FNDA:0,(anonymous_39)
FNDA:0,(anonymous_40)
FNDA:0,(anonymous_41)
FNDA:0,(anonymous_42)
FNDA:0,(anonymous_43)
FNDA:0,(anonymous_44)
FNDA:0,(anonymous_45)
FNDA:0,(anonymous_46)
FNDA:0,(anonymous_47)
FNDA:0,(anonymous_48)
FNDA:0,(anonymous_49)
FNDA:0,(anonymous_50)
FNDA:0,(anonymous_51)
FNDA:0,(anonymous_52)
FNDA:0,(anonymous_53)
FNDA:0,(anonymous_54)
FNDA:0,(anonymous_55)
FNDA:0,(anonymous_56)
DA:3,0
DA:4,0
DA:5,0
DA:6,0
DA:7,0
DA:8,0
DA:9,0
DA:10,0
DA:11,0
DA:12,0
DA:13,0
DA:32,0
DA:81,0
DA:88,0
DA:89,0
DA:90,0
DA:91,0
DA:92,0
DA:93,0
DA:98,0
DA:105,0
DA:106,0
DA:107,0
DA:108,0
DA:110,0
DA:113,0
DA:114,0
DA:115,0
DA:118,0
DA:119,0
DA:120,0
DA:121,0
DA:123,0
DA:124,0
DA:126,0
DA:127,0
DA:128,0
DA:132,0
DA:133,0
DA:134,0
DA:135,0
DA:137,0
DA:138,0
DA:140,0
DA:141,0
DA:142,0
DA:146,0
DA:147,0
DA:148,0
DA:149,0
DA:152,0
DA:153,0
DA:156,0
DA:157,0
DA:158,0
DA:159,0
DA:164,0
DA:165,0
DA:166,0
DA:167,0
DA:172,0
DA:173,0
DA:182,0
DA:185,0
DA:186,0
DA:187,0
DA:188,0
DA:192,0
DA:193,0
DA:194,0
DA:195,0
DA:204,0
DA:208,0
DA:209,0
DA:220,0
DA:221,0
DA:222,0
DA:223,0
DA:224,0
DA:225,0
DA:226,0
DA:302,0
DA:311,0
DA:322,0
DA:333,0
DA:352,0
DA:370,0
DA:438,0
DA:448,0
DA:460,0
DA:476,0
DA:483,0
DA:511,0
DA:532,0
DA:540,0
DA:541,0
DA:557,0
DA:598,0
DA:612,0
DA:624,0
DA:629,0
DA:630,0
DA:643,0
DA:644,0
DA:645,0
DA:646,0
DA:648,0
DA:657,0
DA:658,0
DA:659,0
DA:660,0
DA:661,0
DA:663,0
LF:113
LH:0
BRDA:110,0,0,0
BRDA:110,0,1,0
BRDA:110,0,2,0
BRDA:119,1,0,0
BRDA:119,1,1,0
BRDA:133,2,0,0
BRDA:133,2,1,0
BRDA:159,3,0,0
BRDA:159,3,1,0
BRDA:167,4,0,0
BRDA:167,4,1,0
BRDA:188,5,0,0
BRDA:188,5,1,0
BRDA:194,6,0,0
BRDA:194,6,1,0
BRDA:221,7,0,0
BRDA:221,7,1,0
BRDA:221,7,2,0
BRDA:221,7,3,0
BRDA:221,7,4,0
BRDA:269,8,0,0
BRDA:269,8,1,0
BRDA:414,9,0,0
BRDA:493,10,0,0
BRDA:509,11,0,0
BRDA:522,12,0,0
BRDA:531,13,0,0
BRDA:531,13,1,0
BRDA:551,14,0,0
BRDA:643,15,0,0
BRDA:643,15,1,0
BRDA:643,16,0,0
BRDA:643,16,1,0
BRDA:645,17,0,0
BRDA:645,17,1,0
BRDA:658,18,0,0
BRDA:658,18,1,0
BRDA:660,19,0,0
BRDA:660,19,1,0
BRF:39
BRH:0
end_of_record
TN:
SF:app\(private)\dashboard\function-model\components\management\workflow-execution.tsx
FN:86,WorkflowExecution
FN:98,(anonymous_5)
FN:101,(anonymous_6)
FN:106,(anonymous_7)
FN:109,(anonymous_8)
FN:121,(anonymous_9)
FN:132,(anonymous_10)
FN:143,(anonymous_11)
FN:151,(anonymous_12)
FN:166,(anonymous_13)
FN:175,(anonymous_14)
FN:176,(anonymous_15)
FN:177,(anonymous_16)
FN:194,(anonymous_17)
FN:203,(anonymous_18)
FN:240,(anonymous_19)
FN:248,(anonymous_20)
FN:257,(anonymous_21)
FN:266,(anonymous_22)
FN:385,(anonymous_23)
FN:386,(anonymous_24)
FN:465,(anonymous_25)
FN:517,(anonymous_26)
FN:524,(anonymous_27)
FN:543,(anonymous_28)
FN:566,(anonymous_29)
FN:600,(anonymous_30)
FN:606,(anonymous_31)
FN:634,(anonymous_32)
FN:635,(anonymous_33)
FN:648,(anonymous_34)
FNF:31
FNH:0
FNDA:0,WorkflowExecution
FNDA:0,(anonymous_5)
FNDA:0,(anonymous_6)
FNDA:0,(anonymous_7)
FNDA:0,(anonymous_8)
FNDA:0,(anonymous_9)
FNDA:0,(anonymous_10)
FNDA:0,(anonymous_11)
FNDA:0,(anonymous_12)
FNDA:0,(anonymous_13)
FNDA:0,(anonymous_14)
FNDA:0,(anonymous_15)
FNDA:0,(anonymous_16)
FNDA:0,(anonymous_17)
FNDA:0,(anonymous_18)
FNDA:0,(anonymous_19)
FNDA:0,(anonymous_20)
FNDA:0,(anonymous_21)
FNDA:0,(anonymous_22)
FNDA:0,(anonymous_23)
FNDA:0,(anonymous_24)
FNDA:0,(anonymous_25)
FNDA:0,(anonymous_26)
FNDA:0,(anonymous_27)
FNDA:0,(anonymous_28)
FNDA:0,(anonymous_29)
FNDA:0,(anonymous_30)
FNDA:0,(anonymous_31)
FNDA:0,(anonymous_32)
FNDA:0,(anonymous_33)
FNDA:0,(anonymous_34)
DA:3,0
DA:4,0
DA:5,0
DA:6,0
DA:7,0
DA:8,0
DA:9,0
DA:10,0
DA:31,0
DA:86,0
DA:92,0
DA:93,0
DA:94,0
DA:95,0
DA:98,0
DA:99,0
DA:101,0
DA:106,0
DA:109,0
DA:110,0
DA:111,0
DA:112,0
DA:113,0
DA:114,0
DA:115,0
DA:116,0
DA:117,0
DA:121,0
DA:122,0
DA:132,0
DA:133,0
DA:134,0
DA:135,0
DA:136,0
DA:137,0
DA:138,0
DA:139,0
DA:143,0
DA:144,0
DA:145,0
DA:146,0
DA:147,0
DA:148,0
DA:151,0
DA:152,0
DA:154,0
DA:156,0
DA:158,0
DA:160,0
DA:162,0
DA:166,0
DA:167,0
DA:175,0
DA:176,0
DA:177,0
DA:194,0
DA:203,0
DA:240,0
DA:248,0
DA:257,0
DA:266,0
DA:386,0
DA:387,0
DA:389,0
DA:466,0
DA:517,0
DA:524,0
DA:544,0
DA:601,0
DA:607,0
DA:635,0
DA:636,0
DA:648,0
LF:73
LH:0
BRDA:99,0,0,0
BRDA:99,0,1,0
BRDA:110,1,0,0
BRDA:110,1,1,0
BRDA:110,1,2,0
BRDA:110,1,3,0
BRDA:110,1,4,0
BRDA:110,1,5,0
BRDA:110,1,6,0
BRDA:133,2,0,0
BRDA:133,2,1,0
BRDA:133,2,2,0
BRDA:133,2,3,0
BRDA:133,2,4,0
BRDA:133,2,5,0
BRDA:144,3,0,0
BRDA:144,3,1,0
BRDA:145,4,0,0
BRDA:145,4,1,0
BRDA:152,5,0,0
BRDA:152,5,1,0
BRDA:152,5,2,0
BRDA:152,5,3,0
BRDA:152,5,4,0
BRDA:154,6,0,0
BRDA:154,6,1,0
BRDA:196,7,0,0
BRDA:197,8,0,0
BRDA:197,8,1,0
BRDA:204,9,0,0
BRDA:204,9,1,0
BRDA:220,10,0,0
BRDA:230,11,0,0
BRDA:387,12,0,0
BRDA:387,12,1,0
BRDA:398,13,0,0
BRDA:398,13,1,0
BRDA:399,14,0,0
BRDA:399,14,1,0
BRDA:400,15,0,0
BRDA:400,15,1,0
BRDA:401,16,0,0
BRDA:401,16,1,0
BRDA:442,17,0,0
BRDA:484,18,0,0
BRDA:487,19,0,0
BRDA:490,20,0,0
BRDA:495,21,0,0
BRDA:504,22,0,0
BRDA:542,23,0,0
BRDA:550,24,0,0
BRDA:550,24,1,0
BRDA:551,25,0,0
BRDA:551,25,1,0
BRDA:552,26,0,0
BRDA:552,26,1,0
BRDA:562,27,0,0
BRDA:602,28,0,0
BRDA:602,28,1,0
BRDA:623,29,0,0
BRDA:648,30,0,0
BRF:61
BRH:0
end_of_record
TN:
SF:app\(private)\dashboard\function-model\components\management\workflow-list.tsx
FN:35,WorkflowList
FN:48,(anonymous_5)
FN:51,(anonymous_6)
FN:58,(anonymous_7)
FN:73,(anonymous_8)
FN:108,(anonymous_9)
FN:146,(anonymous_10)
FN:154,(anonymous_11)
FN:198,(anonymous_12)
FN:203,(anonymous_13)
FN:204,(anonymous_14)
FN:205,(anonymous_15)
FN:206,(anonymous_16)
FNF:13
FNH:0
FNDA:0,WorkflowList
FNDA:0,(anonymous_5)
FNDA:0,(anonymous_6)
FNDA:0,(anonymous_7)
FNDA:0,(anonymous_8)
FNDA:0,(anonymous_9)
FNDA:0,(anonymous_10)
FNDA:0,(anonymous_11)
FNDA:0,(anonymous_12)
FNDA:0,(anonymous_13)
FNDA:0,(anonymous_14)
FNDA:0,(anonymous_15)
FNDA:0,(anonymous_16)
DA:3,0
DA:4,0
DA:5,0
DA:6,0
DA:8,0
DA:9,0
DA:10,0
DA:35,0
DA:43,0
DA:44,0
DA:45,0
DA:46,0
DA:48,0
DA:49,0
DA:51,0
DA:53,0
DA:55,0
DA:58,0
DA:59,0
DA:61,0
DA:63,0
DA:65,0
DA:67,0
DA:69,0
DA:73,0
DA:74,0
DA:75,0
DA:76,0
DA:77,0
DA:78,0
DA:79,0
DA:108,0
DA:146,0
DA:154,0
DA:199,0
DA:203,0
DA:204,0
DA:205,0
DA:206,0
LF:39
LH:0
BRDA:49,0,0,0
BRDA:49,0,1,0
BRDA:49,0,2,0
BRDA:53,1,0,0
BRDA:53,1,1,0
BRDA:55,2,0,0
BRDA:55,2,1,0
BRDA:59,3,0,0
BRDA:59,3,1,0
BRDA:59,3,2,0
BRDA:59,3,3,0
BRDA:59,3,4,0
BRDA:74,4,0,0
BRDA:74,4,1,0
BRDA:74,4,2,0
BRDA:74,4,3,0
BRDA:74,4,4,0
BRDA:144,5,0,0
BRDA:144,5,1,0
BRDA:152,6,0,0
BRDA:152,6,1,0
BRDA:167,7,0,0
BRDA:176,8,0,0
BRDA:180,9,0,0
BRDA:179,10,0,0
BRDA:179,10,1,0
BRDA:197,11,0,0
BRDA:197,11,1,0
BRF:28
BRH:0
end_of_record
TN:
SF:app\(private)\dashboard\function-model\components\nodes\function-model-container-node.tsx
FN:53,FunctionModelContainerNode
FN:84,(anonymous_5)
FN:99,(anonymous_6)
FN:104,(anonymous_7)
FN:116,(anonymous_8)
FN:117,(anonymous_9)
FN:130,(anonymous_10)
FN:142,(anonymous_11)
FN:147,(anonymous_12)
FN:148,(anonymous_13)
FN:151,(anonymous_14)
FN:160,(anonymous_15)
FN:163,(anonymous_16)
FN:167,(anonymous_17)
FN:171,(anonymous_18)
FN:178,(anonymous_19)
FN:185,(anonymous_20)
FN:196,(anonymous_21)
FNF:18
FNH:0
FNDA:0,FunctionModelContainerNode
FNDA:0,(anonymous_5)
FNDA:0,(anonymous_6)
FNDA:0,(anonymous_7)
FNDA:0,(anonymous_8)
FNDA:0,(anonymous_9)
FNDA:0,(anonymous_10)
FNDA:0,(anonymous_11)
FNDA:0,(anonymous_12)
FNDA:0,(anonymous_13)
FNDA:0,(anonymous_14)
FNDA:0,(anonymous_15)
FNDA:0,(anonymous_16)
FNDA:0,(anonymous_17)
FNDA:0,(anonymous_18)
FNDA:0,(anonymous_19)
FNDA:0,(anonymous_20)
FNDA:0,(anonymous_21)
DA:3,0
DA:4,0
DA:5,0
DA:6,0
DA:7,0
DA:8,0
DA:9,0
DA:10,0
DA:11,0
DA:12,0
DA:13,0
DA:53,0
DA:65,0
DA:74,0
DA:77,0
DA:78,0
DA:79,0
DA:80,0
DA:81,0
DA:84,0
DA:85,0
DA:88,0
DA:89,0
DA:90,0
DA:91,0
DA:92,0
DA:93,0
DA:94,0
DA:99,0
DA:100,0
DA:104,0
DA:105,0
DA:106,0
DA:109,0
DA:110,0
DA:113,0
DA:114,0
DA:116,0
DA:117,0
DA:118,0
DA:119,0
DA:120,0
DA:121,0
DA:122,0
DA:124,0
DA:130,0
DA:131,0
DA:132,0
DA:135,0
DA:136,0
DA:137,0
DA:138,0
DA:142,0
DA:143,0
DA:147,0
DA:148,0
DA:151,0
DA:153,0
DA:160,0
DA:163,0
DA:164,0
DA:167,0
DA:168,0
DA:171,0
DA:173,0
DA:174,0
DA:178,0
DA:179,0
DA:180,0
DA:181,0
DA:182,0
DA:185,0
DA:186,0
DA:187,0
DA:188,0
DA:189,0
DA:190,0
DA:191,0
DA:192,0
DA:196,0
DA:197,0
LF:81
LH:0
BRDA:55,0,0,0
BRDA:78,1,0,0
BRDA:78,1,1,0
BRDA:79,2,0,0
BRDA:79,2,1,0
BRDA:80,3,0,0
BRDA:80,3,1,0
BRDA:81,4,0,0
BRDA:81,4,1,0
BRDA:85,5,0,0
BRDA:85,5,1,0
BRDA:88,6,0,0
BRDA:88,6,1,0
BRDA:88,6,2,0
BRDA:88,6,3,0
BRDA:88,6,4,0
BRDA:88,6,5,0
BRDA:105,7,0,0
BRDA:105,7,1,0
BRDA:118,8,0,0
BRDA:118,8,1,0
BRDA:131,9,0,0
BRDA:131,9,1,0
BRDA:143,10,0,0
BRDA:143,10,1,0
BRDA:164,11,0,0
BRDA:164,11,1,0
BRDA:168,12,0,0
BRDA:168,12,1,0
BRDA:179,13,0,0
BRDA:179,13,1,0
BRDA:180,14,0,0
BRDA:180,14,1,0
BRDA:181,15,0,0
BRDA:181,15,1,0
BRDA:182,16,0,0
BRDA:182,16,1,0
BRDA:186,17,0,0
BRDA:186,17,1,0
BRDA:186,17,2,0
BRDA:186,17,3,0
BRDA:186,17,4,0
BRDA:186,17,5,0
BRDA:223,18,0,0
BRDA:223,18,1,0
BRDA:225,19,0,0
BRDA:225,19,1,0
BRDA:232,20,0,0
BRDA:232,20,1,0
BRDA:234,21,0,0
BRDA:234,21,1,0
BRDA:235,22,0,0
BRDA:235,22,1,0
BRDA:236,23,0,0
BRDA:236,23,1,0
BRDA:261,24,0,0
BRDA:276,25,0,0
BRDA:284,26,0,0
BRDA:284,26,1,0
BRF:59
BRH:0
end_of_record
TN:
SF:app\(private)\dashboard\function-model\components\nodes\index.ts
FNF:0
FNH:0
DA:2,0
DA:5,0
DA:6,0
DA:7,0
DA:8,0
DA:9,0
DA:13,0
DA:14,0
DA:15,0
DA:16,0
DA:17,0
DA:18,0
DA:19,0
DA:23,0
DA:24,0
DA:25,0
DA:26,0
DA:29,0
LF:18
LH:0
BRF:0
BRH:0
end_of_record
TN:
SF:app\(private)\dashboard\function-model\components\nodes\io-node.tsx
FN:29,IONode
FNF:1
FNH:0
FNDA:0,IONode
DA:3,0
DA:4,0
DA:5,0
DA:6,0
DA:7,0
DA:8,0
DA:29,0
DA:37,0
LF:8
LH:0
BRDA:31,0,0,0
BRDA:43,1,0,0
BRDA:43,1,1,0
BRDA:53,2,0,0
BRDA:59,3,0,0
BRDA:59,3,1,0
BRDA:61,4,0,0
BRDA:61,4,1,0
BRDA:63,5,0,0
BRDA:73,6,0,0
BRDA:86,7,0,0
BRDA:96,8,0,0
BRDA:109,9,0,0
BRF:13
BRH:0
end_of_record
TN:
SF:app\(private)\dashboard\function-model\components\nodes\kb-node.tsx
FN:47,KBNode
FN:77,(anonymous_5)
FN:85,(anonymous_6)
FN:90,(anonymous_7)
FN:102,(anonymous_8)
FN:103,(anonymous_9)
FN:107,(anonymous_10)
FN:117,(anonymous_11)
FN:129,(anonymous_12)
FN:134,(anonymous_13)
FN:136,(anonymous_14)
FN:139,(anonymous_15)
FN:144,(anonymous_16)
FN:146,(anonymous_17)
FN:150,(anonymous_18)
FN:151,(anonymous_19)
FN:162,(anonymous_20)
FN:168,(anonymous_21)
FN:174,(anonymous_22)
FN:185,(anonymous_23)
FN:196,(anonymous_24)
FNF:21
FNH:0
FNDA:0,KBNode
FNDA:0,(anonymous_5)
FNDA:0,(anonymous_6)
FNDA:0,(anonymous_7)
FNDA:0,(anonymous_8)
FNDA:0,(anonymous_9)
FNDA:0,(anonymous_10)
FNDA:0,(anonymous_11)
FNDA:0,(anonymous_12)
FNDA:0,(anonymous_13)
FNDA:0,(anonymous_14)
FNDA:0,(anonymous_15)
FNDA:0,(anonymous_16)
FNDA:0,(anonymous_17)
FNDA:0,(anonymous_18)
FNDA:0,(anonymous_19)
FNDA:0,(anonymous_20)
FNDA:0,(anonymous_21)
FNDA:0,(anonymous_22)
FNDA:0,(anonymous_23)
FNDA:0,(anonymous_24)
DA:3,0
DA:4,0
DA:5,0
DA:6,0
DA:7,0
DA:8,0
DA:9,0
DA:10,0
DA:11,0
DA:12,0
DA:13,0
DA:47,0
DA:59,0
DA:68,0
DA:71,0
DA:72,0
DA:73,0
DA:74,0
DA:77,0
DA:78,0
DA:81,0
DA:85,0
DA:86,0
DA:90,0
DA:91,0
DA:92,0
DA:95,0
DA:96,0
DA:99,0
DA:100,0
DA:102,0
DA:103,0
DA:104,0
DA:105,0
DA:106,0
DA:107,0
DA:108,0
DA:109,0
DA:111,0
DA:117,0
DA:118,0
DA:119,0
DA:122,0
DA:123,0
DA:124,0
DA:125,0
DA:129,0
DA:130,0
DA:134,0
DA:136,0
DA:139,0
DA:141,0
DA:144,0
DA:146,0
DA:147,0
DA:148,0
DA:150,0
DA:151,0
DA:152,0
DA:153,0
DA:154,0
DA:155,0
DA:157,0
DA:162,0
DA:164,0
DA:168,0
DA:169,0
DA:170,0
DA:171,0
DA:174,0
DA:175,0
DA:176,0
DA:177,0
DA:178,0
DA:179,0
DA:180,0
DA:181,0
DA:185,0
DA:186,0
DA:196,0
DA:197,0
DA:199,0
DA:200,0
DA:201,0
DA:202,0
DA:203,0
DA:204,0
DA:205,0
DA:207,0
LF:89
LH:0
BRDA:49,0,0,0
BRDA:72,1,0,0
BRDA:72,1,1,0
BRDA:73,2,0,0
BRDA:73,2,1,0
BRDA:74,3,0,0
BRDA:74,3,1,0
BRDA:78,4,0,0
BRDA:78,4,1,0
BRDA:91,5,0,0
BRDA:91,5,1,0
BRDA:104,6,0,0
BRDA:104,6,1,0
BRDA:118,7,0,0
BRDA:118,7,1,0
BRDA:130,8,0,0
BRDA:130,8,1,0
BRDA:152,9,0,0
BRDA:152,9,1,0
BRDA:169,10,0,0
BRDA:169,10,1,0
BRDA:170,11,0,0
BRDA:170,11,1,0
BRDA:171,12,0,0
BRDA:171,12,1,0
BRDA:175,13,0,0
BRDA:175,13,1,0
BRDA:175,13,2,0
BRDA:175,13,3,0
BRDA:175,13,4,0
BRDA:175,13,5,0
BRDA:197,14,0,0
BRDA:197,14,1,0
BRDA:200,15,0,0
BRDA:200,15,1,0
BRDA:200,16,0,0
BRDA:200,16,1,0
BRDA:202,17,0,0
BRDA:202,17,1,0
BRDA:204,18,0,0
BRDA:204,18,1,0
BRDA:226,19,0,0
BRDA:226,19,1,0
BRDA:228,20,0,0
BRDA:228,20,1,0
BRDA:234,21,0,0
BRDA:234,21,1,0
BRDA:235,22,0,0
BRDA:235,22,1,0
BRDA:236,23,0,0
BRDA:236,23,1,0
BRDA:237,24,0,0
BRDA:237,24,1,0
BRDA:261,25,0,0
BRDA:270,26,0,0
BRDA:270,26,1,0
BRDA:270,27,0,0
BRDA:270,27,1,0
BRDA:270,28,0,0
BRDA:270,28,1,0
BRDA:270,29,0,0
BRDA:270,29,1,0
BRF:62
BRH:0
end_of_record
TN:
SF:app\(private)\dashboard\function-model\components\nodes\node-base.tsx
FN:47,BaseNode
FN:60,(anonymous_3)
FN:70,(anonymous_4)
FN:144,(anonymous_5)
FN:156,(anonymous_6)
FN:176,(anonymous_7)
FN:182,(anonymous_8)
FN:188,(anonymous_9)
FN:194,(anonymous_10)
FN:201,(anonymous_11)
FNF:10
FNH:0
FNDA:0,BaseNode
FNDA:0,(anonymous_3)
FNDA:0,(anonymous_4)
FNDA:0,(anonymous_5)
FNDA:0,(anonymous_6)
FNDA:0,(anonymous_7)
FNDA:0,(anonymous_8)
FNDA:0,(anonymous_9)
FNDA:0,(anonymous_10)
FNDA:0,(anonymous_11)
DA:3,0
DA:4,0
DA:5,0
DA:6,0
DA:7,0
DA:8,0
DA:14,0
DA:47,0
DA:60,0
DA:61,0
DA:62,0
DA:63,0
DA:64,0
DA:65,0
DA:66,0
DA:70,0
DA:71,0
DA:72,0
DA:73,0
DA:74,0
DA:75,0
DA:76,0
DA:144,0
DA:156,0
DA:176,0
DA:182,0
DA:188,0
DA:194,0
DA:201,0
LF:29
LH:0
BRDA:49,0,0,0
BRDA:51,1,0,0
BRDA:61,2,0,0
BRDA:61,2,1,0
BRDA:61,2,2,0
BRDA:61,2,3,0
BRDA:61,2,4,0
BRDA:71,3,0,0
BRDA:71,3,1,0
BRDA:71,3,2,0
BRDA:71,3,3,0
BRDA:71,3,4,0
BRDA:82,4,0,0
BRDA:82,4,1,0
BRDA:99,5,0,0
BRDA:104,6,0,0
BRDA:109,7,0,0
BRDA:109,7,1,0
BRDA:128,8,0,0
BRDA:139,9,0,0
BRDA:139,9,1,0
BRDA:151,10,0,0
BRDA:151,10,1,0
BRDA:175,11,0,0
BRDA:181,12,0,0
BRDA:187,13,0,0
BRDA:193,14,0,0
BRDA:199,15,0,0
BRF:28
BRH:0
end_of_record
TN:
SF:app\(private)\dashboard\function-model\components\nodes\node-factory.tsx
FN:52,(anonymous_6)
FN:57,(anonymous_7)
FN:94,(anonymous_8)
FN:131,(anonymous_9)
FN:174,(anonymous_10)
FN:212,(anonymous_11)
FN:256,(anonymous_12)
FN:279,(anonymous_13)
FN:293,(anonymous_14)
FN:313,(anonymous_15)
FN:322,useNodeFactory
FN:323,(anonymous_17)
FNF:12
FNH:0
FNDA:0,(anonymous_6)
FNDA:0,(anonymous_7)
FNDA:0,(anonymous_8)
FNDA:0,(anonymous_9)
FNDA:0,(anonymous_10)
FNDA:0,(anonymous_11)
FNDA:0,(anonymous_12)
FNDA:0,(anonymous_13)
FNDA:0,(anonymous_14)
FNDA:0,(anonymous_15)
FNDA:0,useNodeFactory
FNDA:0,(anonymous_17)
DA:3,0
DA:5,0
DA:6,0
DA:7,0
DA:8,0
DA:9,0
DA:12,0
DA:21,0
DA:49,0
DA:53,0
DA:62,0
DA:85,0
DA:99,0
DA:122,0
DA:136,0
DA:165,0
DA:179,0
DA:203,0
DA:217,0
DA:247,0
DA:262,0
DA:264,0
DA:266,0
DA:268,0
DA:270,0
DA:272,0
DA:274,0
DA:283,0
DA:298,0
DA:304,0
DA:314,0
DA:315,0
DA:317,0
DA:322,0
DA:323,0
DA:325,0
LF:36
LH:0
BRDA:52,0,0,0
BRDA:60,1,0,0
BRDA:97,2,0,0
BRDA:134,3,0,0
BRDA:177,4,0,0
BRDA:215,5,0,0
BRDA:260,6,0,0
BRDA:262,7,0,0
BRDA:262,7,1,0
BRDA:262,7,2,0
BRDA:262,7,3,0
BRDA:262,7,4,0
BRDA:262,7,5,0
BRDA:314,8,0,0
BRDA:314,8,1,0
BRDA:314,9,0,0
BRDA:314,9,1,0
BRDA:314,9,2,0
BRDA:322,10,0,0
BRF:19
BRH:0
end_of_record
TN:
SF:app\(private)\dashboard\function-model\components\nodes\node-handles.tsx
FN:16,NodeHandle
FN:25,(anonymous_9)
FN:34,(anonymous_10)
FN:55,InputHandle
FN:59,OutputHandle
FN:63,ContextHandle
FN:80,HandleGroup
FN:83,(anonymous_15)
FN:102,(anonymous_16)
FN:107,(anonymous_17)
FN:112,(anonymous_18)
FN:117,(anonymous_19)
FN:117,(anonymous_20)
FNF:13
FNH:0
FNDA:0,NodeHandle
FNDA:0,(anonymous_9)
FNDA:0,(anonymous_10)
FNDA:0,InputHandle
FNDA:0,OutputHandle
FNDA:0,ContextHandle
FNDA:0,HandleGroup
FNDA:0,(anonymous_15)
FNDA:0,(anonymous_16)
FNDA:0,(anonymous_17)
FNDA:0,(anonymous_18)
FNDA:0,(anonymous_19)
FNDA:0,(anonymous_20)
DA:3,0
DA:4,0
DA:16,0
DA:25,0
DA:26,0
DA:27,0
DA:28,0
DA:29,0
DA:30,0
DA:34,0
DA:35,0
DA:36,0
DA:37,0
DA:55,0
DA:59,0
DA:63,0
DA:80,0
DA:84,0
DA:100,0
DA:103,0
DA:108,0
DA:113,0
DA:117,0
DA:119,0
LF:24
LH:0
BRDA:20,0,0,0
BRDA:21,1,0,0
BRDA:26,2,0,0
BRDA:26,2,1,0
BRDA:26,2,2,0
BRDA:26,2,3,0
BRDA:35,3,0,0
BRDA:35,3,1,0
BRDA:43,4,0,0
BRDA:43,4,1,0
BRDA:103,5,0,0
BRDA:103,5,1,0
BRDA:108,6,0,0
BRDA:108,6,1,0
BRDA:119,7,0,0
BRDA:119,7,1,0
BRF:16
BRH:0
end_of_record
TN:
SF:app\(private)\dashboard\function-model\components\nodes\stage-node.tsx
FN:33,StageNode
FN:43,(anonymous_3)
FN:52,(anonymous_4)
FN:94,(anonymous_5)
FN:107,(anonymous_6)
FNF:5
FNH:0
FNDA:0,StageNode
FNDA:0,(anonymous_3)
FNDA:0,(anonymous_4)
FNDA:0,(anonymous_5)
FNDA:0,(anonymous_6)
DA:3,0
DA:4,0
DA:5,0
DA:6,0
DA:7,0
DA:8,0
DA:33,0
DA:43,0
DA:44,0
DA:45,0
DA:46,0
DA:47,0
DA:48,0
DA:52,0
DA:53,0
DA:94,0
DA:108,0
LF:17
LH:0
BRDA:35,0,0,0
BRDA:44,1,0,0
BRDA:44,1,1,0
BRDA:44,1,2,0
BRDA:44,1,3,0
BRDA:92,2,0,0
BRDA:103,3,0,0
BRDA:103,3,1,0
BRDA:112,4,0,0
BRDA:122,5,0,0
BRDA:131,6,0,0
BRF:11
BRH:0
end_of_record
TN:
SF:app\(private)\dashboard\function-model\components\nodes\tether-node.tsx
FN:45,TetherNode
FN:74,(anonymous_5)
FN:89,(anonymous_6)
FN:94,(anonymous_7)
FN:103,(anonymous_8)
FN:104,(anonymous_9)
FN:116,(anonymous_10)
FN:127,(anonymous_11)
FN:132,(anonymous_12)
FN:137,(anonymous_13)
FN:148,(anonymous_14)
FN:196,(anonymous_15)
FN:201,(anonymous_16)
FN:202,(anonymous_17)
FN:203,(anonymous_18)
FNF:15
FNH:0
FNDA:0,TetherNode
FNDA:0,(anonymous_5)
FNDA:0,(anonymous_6)
FNDA:0,(anonymous_7)
FNDA:0,(anonymous_8)
FNDA:0,(anonymous_9)
FNDA:0,(anonymous_10)
FNDA:0,(anonymous_11)
FNDA:0,(anonymous_12)
FNDA:0,(anonymous_13)
FNDA:0,(anonymous_14)
FNDA:0,(anonymous_15)
FNDA:0,(anonymous_16)
FNDA:0,(anonymous_17)
FNDA:0,(anonymous_18)
DA:3,0
DA:4,0
DA:5,0
DA:6,0
DA:7,0
DA:8,0
DA:9,0
DA:10,0
DA:11,0
DA:12,0
DA:13,0
DA:45,0
DA:57,0
DA:66,0
DA:69,0
DA:70,0
DA:71,0
DA:74,0
DA:75,0
DA:78,0
DA:79,0
DA:80,0
DA:81,0
DA:82,0
DA:83,0
DA:84,0
DA:89,0
DA:90,0
DA:94,0
DA:95,0
DA:96,0
DA:99,0
DA:100,0
DA:103,0
DA:104,0
DA:105,0
DA:106,0
DA:107,0
DA:108,0
DA:110,0
DA:116,0
DA:117,0
DA:118,0
DA:121,0
DA:122,0
DA:123,0
DA:127,0
DA:128,0
DA:132,0
DA:133,0
DA:134,0
DA:137,0
DA:138,0
DA:139,0
DA:140,0
DA:141,0
DA:142,0
DA:143,0
DA:144,0
DA:148,0
DA:149,0
DA:198,0
DA:199,0
LF:63
LH:0
BRDA:47,0,0,0
BRDA:70,1,0,0
BRDA:70,1,1,0
BRDA:71,2,0,0
BRDA:71,2,1,0
BRDA:75,3,0,0
BRDA:75,3,1,0
BRDA:78,4,0,0
BRDA:78,4,1,0
BRDA:78,4,2,0
BRDA:78,4,3,0
BRDA:78,4,4,0
BRDA:78,4,5,0
BRDA:95,5,0,0
BRDA:95,5,1,0
BRDA:105,6,0,0
BRDA:105,6,1,0
BRDA:117,7,0,0
BRDA:117,7,1,0
BRDA:128,8,0,0
BRDA:128,8,1,0
BRDA:133,9,0,0
BRDA:133,9,1,0
BRDA:134,10,0,0
BRDA:134,10,1,0
BRDA:138,11,0,0
BRDA:138,11,1,0
BRDA:138,11,2,0
BRDA:138,11,3,0
BRDA:138,11,4,0
BRDA:138,11,5,0
BRDA:175,12,0,0
BRDA:175,12,1,0
BRDA:177,13,0,0
BRDA:177,13,1,0
BRDA:182,14,0,0
BRDA:182,14,1,0
BRDA:183,15,0,0
BRDA:183,15,1,0
BRDA:186,16,0,0
BRDA:186,16,1,0
BRDA:191,17,0,0
BRDA:191,17,1,0
BRDA:211,18,0,0
BRDA:234,19,0,0
BRDA:242,20,0,0
BRDA:248,21,0,0
BRF:47
BRH:0
end_of_record
TN:
SF:app\(private)\dashboard\function-model\components\nodes\function-model-container-node\function-model-container-node-body.tsx
FN:35,(anonymous_2)
FN:45,(anonymous_3)
FN:58,(anonymous_4)
FN:111,(anonymous_5)
FNF:4
FNH:0
FNDA:0,(anonymous_2)
FNDA:0,(anonymous_3)
FNDA:0,(anonymous_4)
FNDA:0,(anonymous_5)
DA:1,0
DA:2,0
DA:3,0
DA:4,0
DA:14,0
DA:35,0
DA:45,0
DA:46,0
DA:48,0
DA:50,0
DA:52,0
DA:54,0
DA:58,0
DA:59,0
DA:112,0
LF:15
LH:0
BRDA:46,0,0,0
BRDA:46,0,1,0
BRDA:46,0,2,0
BRDA:46,0,3,0
BRDA:77,1,0,0
BRDA:77,1,1,0
BRDA:88,2,0,0
BRDA:88,2,1,0
BRDA:93,3,0,0
BRDA:104,4,0,0
BRDA:123,5,0,0
BRDA:123,5,1,0
BRDA:140,6,0,0
BRDA:140,6,1,0
BRDA:150,7,0,0
BRDA:150,7,1,0
BRDA:159,8,0,0
BRDA:159,8,1,0
BRDA:162,9,0,0
BRDA:162,9,1,0
BRDA:168,10,0,0
BRDA:168,10,1,0
BRDA:171,11,0,0
BRDA:171,11,1,0
BRDA:174,12,0,0
BRDA:174,12,1,0
BRDA:177,13,0,0
BRDA:177,13,1,0
BRF:28
BRH:0
end_of_record
TN:
SF:app\(private)\dashboard\function-model\components\nodes\function-model-container-node\function-model-container-node-controls.tsx
FN:35,(anonymous_2)
FNF:1
FNH:0
FNDA:0,(anonymous_2)
DA:1,0
DA:2,0
DA:3,0
DA:4,0
DA:16,0
DA:35,0
LF:6
LH:0
BRDA:99,0,0,0
BRDA:174,1,0,0
BRDA:174,1,1,0
BRDA:177,2,0,0
BRDA:177,2,1,0
BRDA:183,3,0,0
BRDA:183,3,1,0
BRDA:186,4,0,0
BRDA:186,4,1,0
BRDA:188,5,0,0
BRF:10
BRH:0
end_of_record
TN:
SF:app\(private)\dashboard\function-model\components\nodes\function-model-container-node\function-model-container-node-header.tsx
FN:14,(anonymous_2)
FN:21,(anonymous_3)
FN:34,(anonymous_4)
FNF:3
FNH:0
FNDA:0,(anonymous_2)
FNDA:0,(anonymous_3)
FNDA:0,(anonymous_4)
DA:1,0
DA:2,0
DA:3,0
DA:4,0
DA:14,0
DA:21,0
DA:22,0
DA:24,0
DA:26,0
DA:28,0
DA:30,0
DA:34,0
DA:35,0
DA:37,0
DA:39,0
DA:41,0
DA:43,0
LF:17
LH:0
BRDA:22,0,0,0
BRDA:22,0,1,0
BRDA:22,0,2,0
BRDA:22,0,3,0
BRDA:35,1,0,0
BRDA:35,1,1,0
BRDA:35,1,2,0
BRDA:35,1,3,0
BRDA:49,2,0,0
BRDA:49,2,1,0
BRDA:77,3,0,0
BRDA:77,3,1,0
BRDA:80,4,0,0
BRDA:80,4,1,0
BRF:14
BRH:0
end_of_record
TN:
SF:app\(private)\dashboard\function-model\components\nodes\io-node\io-node-body.tsx
FN:21,(anonymous_2)
FNF:1
FNH:0
FNDA:0,(anonymous_2)
DA:1,0
DA:3,0
DA:4,0
DA:21,0
LF:4
LH:0
BRDA:22,0,0,0
BRDA:23,1,0,0
BRDA:24,2,0,0
BRDA:25,3,0,0
BRDA:44,4,0,0
BRDA:44,4,1,0
BRDA:50,5,0,0
BRDA:50,5,1,0
BRDA:72,6,0,0
BRDA:78,7,0,0
BRDA:79,8,0,0
BRDA:80,9,0,0
BRF:12
BRH:0
end_of_record
TN:
SF:app\(private)\dashboard\function-model\components\nodes\io-node\io-node-controls.tsx
FN:26,(anonymous_2)
FNF:1
FNH:0
FNDA:0,(anonymous_2)
DA:1,0
DA:2,0
DA:11,0
DA:12,0
DA:26,0
LF:5
LH:0
BRDA:34,0,0,0
BRDA:35,1,0,0
BRDA:42,2,0,0
BRDA:59,3,0,0
BRDA:76,4,0,0
BRDA:99,5,0,0
BRDA:116,6,0,0
BRDA:133,7,0,0
BRDA:156,8,0,0
BRF:9
BRH:0
end_of_record
TN:
SF:app\(private)\dashboard\function-model\components\nodes\io-node\io-node-header.tsx
FN:29,IONodeHeader
FNF:1
FNH:0
FNDA:0,IONodeHeader
DA:3,0
DA:4,0
DA:5,0
DA:6,0
DA:17,0
DA:24,0
DA:29,0
DA:37,0
DA:38,0
DA:39,0
DA:40,0
LF:11
LH:0
BRDA:59,0,0,0
BRDA:76,1,0,0
BRF:2
BRH:0
end_of_record
TN:
SF:app\(private)\dashboard\function-model\components\nodes\io-node\io-node.tsx
FN:35,IONode
FNF:1
FNH:0
FNDA:0,IONode
DA:3,0
DA:35,0
DA:36,0
LF:3
LH:0
BRDA:35,0,0,0
BRDA:41,1,0,0
BRDA:41,1,1,0
BRF:3
BRH:0
end_of_record
TN:
SF:app\(private)\dashboard\function-model\components\nodes\kb-node\kb-node-body.tsx
FN:17,(anonymous_2)
FN:66,(anonymous_3)
FNF:2
FNH:0
FNDA:0,(anonymous_2)
FNDA:0,(anonymous_3)
DA:1,0
DA:2,0
DA:3,0
DA:4,0
DA:5,0
DA:17,0
DA:67,0
LF:7
LH:0
BRDA:32,0,0,0
BRDA:32,0,1,0
BRDA:48,1,0,0
BRDA:66,2,0,0
BRDA:85,3,0,0
BRDA:85,3,1,0
BRDA:95,4,0,0
BRDA:95,4,1,0
BRDA:104,5,0,0
BRDA:104,5,1,0
BRDA:107,6,0,0
BRDA:107,6,1,0
BRDA:112,7,0,0
BRDA:112,7,1,0
BRDA:115,8,0,0
BRDA:115,8,1,0
BRF:16
BRH:0
end_of_record
TN:
SF:app\(private)\dashboard\function-model\components\nodes\kb-node\kb-node-controls.tsx
FN:32,(anonymous_2)
FNF:1
FNH:0
FNDA:0,(anonymous_2)
DA:1,0
DA:2,0
DA:3,0
DA:4,0
DA:14,0
DA:32,0
LF:6
LH:0
BRDA:56,0,0,0
BRDA:56,0,1,0
BRDA:127,1,0,0
BRDA:127,1,1,0
BRDA:150,2,0,0
BRDA:150,2,1,0
BRDA:153,3,0,0
BRDA:153,3,1,0
BRDA:158,4,0,0
BRDA:163,5,0,0
BRF:10
BRH:0
end_of_record
TN:
SF:app\(private)\dashboard\function-model\components\nodes\kb-node\kb-node-header.tsx
FN:15,(anonymous_2)
FN:21,(anonymous_3)
FN:34,(anonymous_4)
FNF:3
FNH:0
FNDA:0,(anonymous_2)
FNDA:0,(anonymous_3)
FNDA:0,(anonymous_4)
DA:3,0
DA:4,0
DA:5,0
DA:6,0
DA:15,0
DA:21,0
DA:22,0
DA:24,0
DA:26,0
DA:28,0
DA:30,0
DA:34,0
DA:35,0
DA:37,0
DA:39,0
DA:41,0
DA:43,0
LF:17
LH:0
BRDA:22,0,0,0
BRDA:22,0,1,0
BRDA:22,0,2,0
BRDA:22,0,3,0
BRDA:35,1,0,0
BRDA:35,1,1,0
BRDA:35,1,2,0
BRDA:35,1,3,0
BRDA:49,2,0,0
BRDA:49,2,1,0
BRF:10
BRH:0
end_of_record
TN:
SF:app\(private)\dashboard\function-model\components\nodes\stage-node\stage-node-body.tsx
FN:23,(anonymous_2)
FN:72,(anonymous_3)
FN:107,(anonymous_4)
FN:136,(anonymous_5)
FNF:4
FNH:0
FNDA:0,(anonymous_2)
FNDA:0,(anonymous_3)
FNDA:0,(anonymous_4)
FNDA:0,(anonymous_5)
DA:1,0
DA:2,0
DA:3,0
DA:4,0
DA:23,0
DA:73,0
DA:108,0
DA:137,0
LF:8
LH:0
BRDA:24,0,0,0
BRDA:25,1,0,0
BRDA:26,2,0,0
BRDA:27,3,0,0
BRDA:28,4,0,0
BRDA:29,5,0,0
BRDA:30,6,0,0
BRDA:31,7,0,0
BRDA:32,8,0,0
BRDA:67,9,0,0
BRDA:88,10,0,0
BRDA:88,10,1,0
BRDA:90,11,0,0
BRDA:97,12,0,0
BRDA:97,12,1,0
BRDA:103,13,0,0
BRDA:116,14,0,0
BRDA:130,15,0,0
BRDA:148,16,0,0
BRDA:154,17,0,0
BRDA:155,18,0,0
BRDA:156,19,0,0
BRDA:157,20,0,0
BRF:23
BRH:0
end_of_record
TN:
SF:app\(private)\dashboard\function-model\components\nodes\stage-node\stage-node-controls.tsx
FN:16,StageNodeControls
FNF:1
FNH:0
FNDA:0,StageNodeControls
DA:3,0
DA:4,0
DA:5,0
DA:16,0
LF:4
LH:0
BRDA:22,0,0,0
BRF:1
BRH:0
end_of_record
TN:
SF:app\(private)\dashboard\function-model\components\nodes\stage-node\stage-node-header.tsx
FN:13,(anonymous_2)
FN:20,(anonymous_3)
FN:35,(anonymous_4)
FN:50,(anonymous_5)
FN:65,(anonymous_6)
FNF:5
FNH:0
FNDA:0,(anonymous_2)
FNDA:0,(anonymous_3)
FNDA:0,(anonymous_4)
FNDA:0,(anonymous_5)
FNDA:0,(anonymous_6)
DA:1,0
DA:2,0
DA:3,0
DA:13,0
DA:20,0
DA:21,0
DA:35,0
DA:36,0
DA:38,0
DA:40,0
DA:42,0
DA:44,0
DA:46,0
DA:50,0
DA:51,0
DA:53,0
DA:55,0
DA:57,0
DA:59,0
DA:61,0
DA:65,0
DA:66,0
DA:68,0
DA:70,0
DA:72,0
DA:74,0
LF:26
LH:0
BRDA:15,0,0,0
BRDA:16,1,0,0
BRDA:17,2,0,0
BRDA:36,3,0,0
BRDA:36,3,1,0
BRDA:36,3,2,0
BRDA:36,3,3,0
BRDA:36,3,4,0
BRDA:51,4,0,0
BRDA:51,4,1,0
BRDA:51,4,2,0
BRDA:51,4,3,0
BRDA:51,4,4,0
BRDA:66,5,0,0
BRDA:66,5,1,0
BRDA:66,5,2,0
BRDA:66,5,3,0
BRDA:93,6,0,0
BRF:18
BRH:0
end_of_record
TN:
SF:app\(private)\dashboard\function-model\components\nodes\tether-node\tether-node-body.tsx
FN:17,(anonymous_2)
FNF:1
FNH:0
FNDA:0,(anonymous_2)
DA:3,0
DA:4,0
DA:5,0
DA:6,0
DA:7,0
DA:17,0
LF:6
LH:0
BRDA:30,0,0,0
BRDA:30,0,1,0
BRDA:41,1,0,0
BRDA:41,1,1,0
BRDA:46,2,0,0
BRDA:65,3,0,0
BRDA:65,3,1,0
BRDA:74,4,0,0
BRDA:74,4,1,0
BRDA:77,5,0,0
BRDA:77,5,1,0
BRDA:82,6,0,0
BRDA:82,6,1,0
BRDA:85,7,0,0
BRDA:85,7,1,0
BRF:15
BRH:0
end_of_record
TN:
SF:app\(private)\dashboard\function-model\components\nodes\tether-node\tether-node-controls.tsx
FN:46,(anonymous_2)
FN:65,(anonymous_3)
FN:76,(anonymous_4)
FNF:3
FNH:0
FNDA:0,(anonymous_2)
FNDA:0,(anonymous_3)
FNDA:0,(anonymous_4)
DA:1,0
DA:2,0
DA:15,0
DA:22,0
DA:23,0
DA:24,0
DA:46,0
DA:65,0
DA:66,0
DA:67,0
DA:68,0
DA:69,0
DA:70,0
DA:71,0
DA:72,0
DA:76,0
DA:77,0
DA:87,0
LF:18
LH:0
BRDA:55,0,0,0
BRDA:56,1,0,0
BRDA:57,2,0,0
BRDA:58,3,0,0
BRDA:59,4,0,0
BRDA:60,5,0,0
BRDA:61,6,0,0
BRDA:62,7,0,0
BRDA:63,8,0,0
BRDA:66,9,0,0
BRDA:66,9,1,0
BRDA:66,9,2,0
BRDA:66,9,3,0
BRDA:66,9,4,0
BRDA:66,9,5,0
BRDA:87,10,0,0
BRDA:87,10,1,0
BRDA:111,11,0,0
BRDA:122,12,0,0
BRDA:134,13,0,0
BRDA:136,14,0,0
BRDA:136,14,1,0
BRDA:143,15,0,0
BRDA:143,15,1,0
BRDA:150,16,0,0
BRDA:175,17,0,0
BRDA:215,18,0,0
BRDA:251,19,0,0
BRDA:265,20,0,0
BRDA:272,21,0,0
BRF:30
BRH:0
end_of_record
TN:
SF:app\(private)\dashboard\function-model\components\nodes\tether-node\tether-node-header.tsx
FN:14,(anonymous_2)
FN:19,(anonymous_3)
FN:32,(anonymous_4)
FNF:3
FNH:0
FNDA:0,(anonymous_2)
FNDA:0,(anonymous_3)
FNDA:0,(anonymous_4)
DA:3,0
DA:4,0
DA:5,0
DA:6,0
DA:14,0
DA:19,0
DA:20,0
DA:22,0
DA:24,0
DA:26,0
DA:28,0
DA:32,0
DA:33,0
DA:35,0
DA:37,0
DA:39,0
DA:41,0
LF:17
LH:0
BRDA:20,0,0,0
BRDA:20,0,1,0
BRDA:20,0,2,0
BRDA:20,0,3,0
BRDA:33,1,0,0
BRDA:33,1,1,0
BRDA:33,1,2,0
BRDA:33,1,3,0
BRDA:47,2,0,0
BRDA:47,2,1,0
BRF:10
BRH:0
end_of_record
TN:
SF:app\(private)\dashboard\function-model\components\panels\context-panel.tsx
FN:18,ContextPanel
FNF:1
FNH:0
FNDA:0,ContextPanel
DA:3,0
DA:4,0
DA:5,0
DA:6,0
DA:8,0
DA:9,0
DA:10,0
DA:18,0
DA:19,0
DA:21,0
LF:10
LH:0
BRDA:21,0,0,0
BRDA:21,0,1,0
BRDA:38,1,0,0
BRDA:38,1,1,0
BRF:4
BRH:0
end_of_record
TN:
SF:app\(private)\dashboard\function-model\components\panels\context-variables.tsx
FN:39,ContextVariables
FN:74,(anonymous_2)
FN:107,(anonymous_3)
FN:113,(anonymous_4)
FN:115,(anonymous_5)
FN:139,(anonymous_6)
FN:140,(anonymous_7)
FN:145,(anonymous_8)
FN:168,(anonymous_9)
FN:191,(anonymous_10)
FN:213,(anonymous_11)
FN:222,(anonymous_12)
FN:228,(anonymous_13)
FN:243,(anonymous_14)
FN:255,(anonymous_15)
FN:264,(anonymous_16)
FN:270,(anonymous_17)
FN:285,(anonymous_18)
FN:294,(anonymous_19)
FN:312,(anonymous_20)
FN:343,(anonymous_21)
FN:385,(anonymous_22)
FN:393,(anonymous_23)
FNF:23
FNH:0
FNDA:0,ContextVariables
FNDA:0,(anonymous_2)
FNDA:0,(anonymous_3)
FNDA:0,(anonymous_4)
FNDA:0,(anonymous_5)
FNDA:0,(anonymous_6)
FNDA:0,(anonymous_7)
FNDA:0,(anonymous_8)
FNDA:0,(anonymous_9)
FNDA:0,(anonymous_10)
FNDA:0,(anonymous_11)
FNDA:0,(anonymous_12)
FNDA:0,(anonymous_13)
FNDA:0,(anonymous_14)
FNDA:0,(anonymous_15)
FNDA:0,(anonymous_16)
FNDA:0,(anonymous_17)
FNDA:0,(anonymous_18)
FNDA:0,(anonymous_19)
FNDA:0,(anonymous_20)
FNDA:0,(anonymous_21)
FNDA:0,(anonymous_22)
FNDA:0,(anonymous_23)
DA:3,0
DA:4,0
DA:5,0
DA:6,0
DA:7,0
DA:8,0
DA:9,0
DA:10,0
DA:11,0
DA:12,0
DA:14,0
DA:39,0
DA:40,0
DA:43,0
DA:44,0
DA:45,0
DA:56,0
DA:67,0
DA:74,0
DA:75,0
DA:76,0
DA:88,0
DA:89,0
DA:90,0
DA:93,0
DA:103,0
DA:107,0
DA:108,0
DA:109,0
DA:110,0
DA:113,0
DA:114,0
DA:115,0
DA:116,0
DA:121,0
DA:122,0
DA:124,0
DA:125,0
DA:126,0
DA:139,0
DA:140,0
DA:141,0
DA:142,0
DA:145,0
DA:146,0
DA:148,0
DA:150,0
DA:152,0
DA:154,0
DA:156,0
DA:158,0
DA:160,0
DA:162,0
DA:164,0
DA:168,0
DA:169,0
DA:171,0
DA:173,0
DA:175,0
DA:177,0
DA:179,0
DA:191,0
DA:213,0
DA:222,0
DA:229,0
DA:243,0
DA:255,0
DA:264,0
DA:271,0
DA:285,0
DA:294,0
DA:313,0
DA:314,0
DA:315,0
DA:344,0
DA:385,0
DA:393,0
LF:77
LH:0
BRDA:41,0,0,0
BRDA:41,0,1,0
BRDA:75,1,0,0
BRDA:75,1,1,0
BRDA:75,2,0,0
BRDA:75,2,1,0
BRDA:80,3,0,0
BRDA:80,3,1,0
BRDA:81,4,0,0
BRDA:81,4,1,0
BRDA:82,5,0,0
BRDA:82,5,1,0
BRDA:83,6,0,0
BRDA:83,6,1,0
BRDA:84,7,0,0
BRDA:84,7,1,0
BRDA:85,8,0,0
BRDA:85,8,1,0
BRDA:114,9,0,0
BRDA:114,9,1,0
BRDA:114,10,0,0
BRDA:114,10,1,0
BRDA:114,10,2,0
BRDA:116,11,0,0
BRDA:116,11,1,0
BRDA:146,12,0,0
BRDA:146,12,1,0
BRDA:146,12,2,0
BRDA:146,12,3,0
BRDA:146,12,4,0
BRDA:146,12,5,0
BRDA:146,12,6,0
BRDA:146,12,7,0
BRDA:146,12,8,0
BRDA:169,13,0,0
BRDA:169,13,1,0
BRDA:169,13,2,0
BRDA:169,13,3,0
BRDA:169,13,4,0
BRDA:199,14,0,0
BRDA:203,15,0,0
BRDA:203,15,1,0
BRDA:302,16,0,0
BRDA:302,16,1,0
BRDA:306,17,0,0
BRDA:306,17,1,0
BRDA:337,18,0,0
BRDA:337,18,1,0
BRDA:356,19,0,0
BRDA:361,20,0,0
BRDA:368,21,0,0
BRDA:374,22,0,0
BRF:52
BRH:0
end_of_record
TN:
SF:app\(private)\dashboard\function-model\components\panels\node-config-panel.tsx
FN:17,NodeConfigPanel
FNF:1
FNH:0
FNDA:0,NodeConfigPanel
DA:3,0
DA:4,0
DA:5,0
DA:6,0
DA:8,0
DA:9,0
DA:17,0
DA:18,0
DA:20,0
LF:9
LH:0
BRDA:20,0,0,0
BRDA:20,0,1,0
BRDA:41,1,0,0
BRDA:41,1,1,0
BRF:4
BRH:0
end_of_record
TN:
SF:app\(private)\dashboard\function-model\components\panels\node-preview.tsx
FN:11,NodePreview
FN:13,(anonymous_2)
FN:30,(anonymous_3)
FN:48,(anonymous_4)
FNF:4
FNH:0
FNDA:0,NodePreview
FNDA:0,(anonymous_2)
FNDA:0,(anonymous_3)
FNDA:0,(anonymous_4)
DA:3,0
DA:4,0
DA:5,0
DA:11,0
DA:13,0
DA:14,0
DA:16,0
DA:18,0
DA:21,0
DA:23,0
DA:25,0
DA:30,0
DA:31,0
DA:33,0
DA:35,0
DA:37,0
DA:39,0
DA:41,0
DA:43,0
DA:48,0
DA:49,0
DA:51,0
DA:53,0
DA:55,0
DA:57,0
DA:59,0
DA:61,0
DA:65,0
DA:66,0
DA:67,0
LF:30
LH:0
BRDA:14,0,0,0
BRDA:14,0,1,0
BRDA:14,0,2,0
BRDA:14,0,3,0
BRDA:14,0,4,0
BRDA:14,0,5,0
BRDA:31,1,0,0
BRDA:31,1,1,0
BRDA:31,1,2,0
BRDA:31,1,3,0
BRDA:31,1,4,0
BRDA:31,1,5,0
BRDA:49,2,0,0
BRDA:49,2,1,0
BRDA:49,2,2,0
BRDA:49,2,3,0
BRDA:49,2,4,0
BRDA:49,2,5,0
BRDA:82,3,0,0
BRDA:82,3,1,0
BRDA:84,4,0,0
BRDA:84,4,1,0
BRDA:86,5,0,0
BRDA:86,5,1,0
BRDA:93,6,0,0
BRDA:99,7,0,0
BRDA:99,7,1,0
BRDA:106,8,0,0
BRDA:113,9,0,0
BRDA:116,10,0,0
BRDA:116,10,1,0
BRDA:119,11,0,0
BRDA:119,11,1,0
BRDA:124,12,0,0
BRDA:135,13,0,0
BRDA:146,14,0,0
BRDA:169,15,0,0
BRDA:169,15,1,0
BRDA:173,16,0,0
BRDA:173,16,1,0
BRDA:177,17,0,0
BRDA:177,17,1,0
BRDA:181,18,0,0
BRDA:181,18,1,0
BRDA:190,19,0,0
BRDA:190,19,1,0
BRDA:194,20,0,0
BRDA:194,20,1,0
BRF:48
BRH:0
end_of_record
TN:
SF:app\(private)\dashboard\function-model\components\panels\node-properties-form.tsx
FN:20,NodePropertiesForm
FN:36,(anonymous_2)
FN:47,(anonymous_3)
FN:51,(anonymous_4)
FN:59,(anonymous_5)
FN:62,(anonymous_6)
FN:66,(anonymous_7)
FN:74,(anonymous_8)
FN:77,(anonymous_9)
FN:95,(anonymous_10)
FN:105,(anonymous_11)
FN:113,(anonymous_12)
FN:128,(anonymous_13)
FN:153,(anonymous_14)
FN:162,(anonymous_15)
FN:171,(anonymous_16)
FN:193,(anonymous_17)
FN:197,(anonymous_18)
FN:207,(anonymous_19)
FN:225,(anonymous_20)
FN:244,(anonymous_21)
FN:270,(anonymous_22)
FN:274,(anonymous_23)
FN:284,(anonymous_24)
FN:303,(anonymous_25)
FNF:25
FNH:0
FNDA:0,NodePropertiesForm
FNDA:0,(anonymous_2)
FNDA:0,(anonymous_3)
FNDA:0,(anonymous_4)
FNDA:0,(anonymous_5)
FNDA:0,(anonymous_6)
FNDA:0,(anonymous_7)
FNDA:0,(anonymous_8)
FNDA:0,(anonymous_9)
FNDA:0,(anonymous_10)
FNDA:0,(anonymous_11)
FNDA:0,(anonymous_12)
FNDA:0,(anonymous_13)
FNDA:0,(anonymous_14)
FNDA:0,(anonymous_15)
FNDA:0,(anonymous_16)
FNDA:0,(anonymous_17)
FNDA:0,(anonymous_18)
FNDA:0,(anonymous_19)
FNDA:0,(anonymous_20)
FNDA:0,(anonymous_21)
FNDA:0,(anonymous_22)
FNDA:0,(anonymous_23)
FNDA:0,(anonymous_24)
FNDA:0,(anonymous_25)
DA:3,0
DA:4,0
DA:5,0
DA:6,0
DA:7,0
DA:8,0
DA:9,0
DA:11,0
DA:13,0
DA:20,0
DA:21,0
DA:36,0
DA:37,0
DA:38,0
DA:39,0
DA:40,0
DA:42,0
DA:44,0
DA:47,0
DA:48,0
DA:51,0
DA:52,0
DA:53,0
DA:59,0
DA:60,0
DA:62,0
DA:66,0
DA:67,0
DA:68,0
DA:74,0
DA:75,0
DA:77,0
DA:95,0
DA:105,0
DA:113,0
DA:128,0
DA:153,0
DA:162,0
DA:171,0
DA:194,0
DA:198,0
DA:199,0
DA:200,0
DA:208,0
DA:209,0
DA:210,0
DA:225,0
DA:244,0
DA:271,0
DA:275,0
DA:276,0
DA:277,0
DA:285,0
DA:286,0
DA:287,0
DA:303,0
LF:56
LH:0
BRDA:22,0,0,0
BRDA:22,0,1,0
BRDA:23,1,0,0
BRDA:23,1,1,0
BRDA:24,2,0,0
BRDA:24,2,1,0
BRDA:25,3,0,0
BRDA:25,3,1,0
BRDA:26,4,0,0
BRDA:26,4,1,0
BRDA:28,5,0,0
BRDA:28,5,1,0
BRDA:29,6,0,0
BRDA:29,6,1,0
BRDA:30,7,0,0
BRDA:30,7,1,0
BRDA:32,8,0,0
BRDA:32,8,1,0
BRDA:33,9,0,0
BRDA:33,9,1,0
BRDA:38,10,0,0
BRDA:38,10,1,0
BRDA:188,11,0,0
BRDA:188,11,1,0
BRDA:265,12,0,0
BRDA:265,12,1,0
BRF:26
BRH:0
end_of_record
TN:
SF:app\(private)\dashboard\function-model\components\panels\workflow-config-panel.tsx
FN:17,WorkflowConfigPanel
FNF:1
FNH:0
FNDA:0,WorkflowConfigPanel
DA:3,0
DA:4,0
DA:5,0
DA:6,0
DA:8,0
DA:9,0
DA:17,0
DA:18,0
DA:20,0
LF:9
LH:0
BRDA:20,0,0,0
BRDA:20,0,1,0
BRDA:37,1,0,0
BRDA:37,1,1,0
BRDA:41,2,0,0
BRDA:41,2,1,0
BRF:6
BRH:0
end_of_record
TN:
SF:app\(private)\dashboard\function-model\components\panels\workflow-properties-form.tsx
FN:20,WorkflowPropertiesForm
FN:53,(anonymous_2)
FN:64,(anonymous_3)
FN:82,(anonymous_4)
FN:92,(anonymous_5)
FN:104,(anonymous_6)
FN:111,(anonymous_7)
FN:136,(anonymous_8)
FN:156,(anonymous_9)
FN:168,(anonymous_10)
FN:182,(anonymous_11)
FN:194,(anonymous_12)
FN:211,(anonymous_13)
FN:230,(anonymous_14)
FN:239,(anonymous_15)
FN:248,(anonymous_16)
FN:267,(anonymous_17)
FN:276,(anonymous_18)
FN:285,(anonymous_19)
FN:296,(anonymous_20)
FN:316,(anonymous_21)
FN:325,(anonymous_22)
FN:337,(anonymous_23)
FN:349,(anonymous_24)
FNF:24
FNH:0
FNDA:0,WorkflowPropertiesForm
FNDA:0,(anonymous_2)
FNDA:0,(anonymous_3)
FNDA:0,(anonymous_4)
FNDA:0,(anonymous_5)
FNDA:0,(anonymous_6)
FNDA:0,(anonymous_7)
FNDA:0,(anonymous_8)
FNDA:0,(anonymous_9)
FNDA:0,(anonymous_10)
FNDA:0,(anonymous_11)
FNDA:0,(anonymous_12)
FNDA:0,(anonymous_13)
FNDA:0,(anonymous_14)
FNDA:0,(anonymous_15)
FNDA:0,(anonymous_16)
FNDA:0,(anonymous_17)
FNDA:0,(anonymous_18)
FNDA:0,(anonymous_19)
FNDA:0,(anonymous_20)
FNDA:0,(anonymous_21)
FNDA:0,(anonymous_22)
FNDA:0,(anonymous_23)
FNDA:0,(anonymous_24)
DA:3,0
DA:4,0
DA:5,0
DA:6,0
DA:7,0
DA:8,0
DA:9,0
DA:11,0
DA:13,0
DA:20,0
DA:21,0
DA:53,0
DA:54,0
DA:55,0
DA:56,0
DA:57,0
DA:59,0
DA:61,0
DA:64,0
DA:65,0
DA:82,0
DA:92,0
DA:104,0
DA:111,0
DA:136,0
DA:156,0
DA:168,0
DA:182,0
DA:194,0
DA:211,0
DA:230,0
DA:239,0
DA:248,0
DA:267,0
DA:276,0
DA:285,0
DA:296,0
DA:316,0
DA:325,0
DA:337,0
DA:349,0
LF:41
LH:0
BRDA:22,0,0,0
BRDA:22,0,1,0
BRDA:23,1,0,0
BRDA:23,1,1,0
BRDA:24,2,0,0
BRDA:24,2,1,0
BRDA:25,3,0,0
BRDA:25,3,1,0
BRDA:27,4,0,0
BRDA:27,4,1,0
BRDA:28,5,0,0
BRDA:28,5,1,0
BRDA:29,6,0,0
BRDA:29,6,1,0
BRDA:30,7,0,0
BRDA:30,7,1,0
BRDA:31,8,0,0
BRDA:31,8,1,0
BRDA:34,9,0,0
BRDA:34,9,1,0
BRDA:35,10,0,0
BRDA:35,10,1,0
BRDA:36,11,0,0
BRDA:36,11,1,0
BRDA:37,12,0,0
BRDA:37,12,1,0
BRDA:40,13,0,0
BRDA:40,13,1,0
BRDA:41,14,0,0
BRDA:41,14,1,0
BRDA:42,15,0,0
BRDA:42,15,1,0
BRDA:43,16,0,0
BRDA:43,16,1,0
BRDA:46,17,0,0
BRDA:46,17,1,0
BRDA:47,18,0,0
BRDA:47,18,1,0
BRDA:48,19,0,0
BRDA:48,19,1,0
BRDA:49,20,0,0
BRDA:49,20,1,0
BRDA:55,21,0,0
BRDA:55,21,1,0
BRF:44
BRH:0
end_of_record
TN:
SF:app\(private)\dashboard\function-model\components\panels\workflow-templates.tsx
FN:29,WorkflowTemplates
FN:179,(anonymous_2)
FN:184,(anonymous_3)
FN:191,(anonymous_4)
FN:204,(anonymous_5)
FN:227,(anonymous_6)
FN:246,(anonymous_7)
FN:256,(anonymous_8)
FN:266,(anonymous_9)
FN:292,(anonymous_10)
FN:304,(anonymous_11)
FN:312,(anonymous_12)
FN:372,(anonymous_13)
FNF:13
FNH:0
FNDA:0,WorkflowTemplates
FNDA:0,(anonymous_2)
FNDA:0,(anonymous_3)
FNDA:0,(anonymous_4)
FNDA:0,(anonymous_5)
FNDA:0,(anonymous_6)
FNDA:0,(anonymous_7)
FNDA:0,(anonymous_8)
FNDA:0,(anonymous_9)
FNDA:0,(anonymous_10)
FNDA:0,(anonymous_11)
FNDA:0,(anonymous_12)
FNDA:0,(anonymous_13)
DA:3,0
DA:4,0
DA:5,0
DA:6,0
DA:7,0
DA:8,0
DA:9,0
DA:10,0
DA:11,0
DA:13,0
DA:29,0
DA:30,0
DA:31,0
DA:32,0
DA:40,0
DA:179,0
DA:180,0
DA:181,0
DA:184,0
DA:185,0
DA:186,0
DA:187,0
DA:191,0
DA:192,0
DA:193,0
DA:198,0
DA:199,0
DA:200,0
DA:204,0
DA:205,0
DA:207,0
DA:209,0
DA:211,0
DA:213,0
DA:215,0
DA:227,0
DA:246,0
DA:256,0
DA:266,0
DA:292,0
DA:305,0
DA:312,0
DA:372,0
LF:43
LH:0
BRDA:185,0,0,0
BRDA:185,0,1,0
BRDA:192,1,0,0
BRDA:192,1,1,0
BRDA:192,2,0,0
BRDA:192,2,1,0
BRDA:205,3,0,0
BRDA:205,3,1,0
BRDA:205,3,2,0
BRDA:205,3,3,0
BRDA:205,3,4,0
BRDA:235,4,0,0
BRDA:308,5,0,0
BRDA:308,5,1,0
BRDA:347,6,0,0
BRF:15
BRH:0
end_of_record
TN:
SF:app\(private)\dashboard\function-model\list\page.tsx
FN:88,WorkflowListPage
FN:94,(anonymous_6)
FN:103,(anonymous_7)
FN:112,(anonymous_8)
FN:161,(anonymous_9)
FN:195,(anonymous_10)
FN:203,(anonymous_11)
FN:237,(anonymous_12)
FN:263,(anonymous_13)
FN:267,(anonymous_14)
FN:271,(anonymous_15)
FN:275,(anonymous_16)
FN:280,(anonymous_17)
FN:296,(anonymous_18)
FN:329,(anonymous_19)
FN:338,(anonymous_20)
FNF:16
FNH:0
FNDA:0,WorkflowListPage
FNDA:0,(anonymous_6)
FNDA:0,(anonymous_7)
FNDA:0,(anonymous_8)
FNDA:0,(anonymous_9)
FNDA:0,(anonymous_10)
FNDA:0,(anonymous_11)
FNDA:0,(anonymous_12)
FNDA:0,(anonymous_13)
FNDA:0,(anonymous_14)
FNDA:0,(anonymous_15)
FNDA:0,(anonymous_16)
FNDA:0,(anonymous_17)
FNDA:0,(anonymous_18)
FNDA:0,(anonymous_19)
FNDA:0,(anonymous_20)
DA:3,0
DA:4,0
DA:5,0
DA:6,0
DA:7,0
DA:8,0
DA:9,0
DA:10,0
DA:11,0
DA:12,0
DA:15,0
DA:88,0
DA:89,0
DA:90,0
DA:91,0
DA:92,0
DA:94,0
DA:95,0
DA:97,0
DA:98,0
DA:100,0
DA:103,0
DA:104,0
DA:105,0
DA:106,0
DA:107,0
DA:108,0
DA:112,0
DA:113,0
DA:115,0
DA:116,0
DA:118,0
DA:119,0
DA:122,0
DA:123,0
DA:126,0
DA:127,0
DA:130,0
DA:131,0
DA:161,0
DA:195,0
DA:203,0
DA:238,0
DA:263,0
DA:267,0
DA:271,0
DA:275,0
DA:280,0
DA:297,0
DA:329,0
DA:338,0
LF:51
LH:0
BRDA:95,0,0,0
BRDA:95,0,1,0
BRDA:97,1,0,0
BRDA:97,1,1,0
BRDA:98,2,0,0
BRDA:98,2,1,0
BRDA:100,3,0,0
BRDA:100,3,1,0
BRDA:100,3,2,0
BRDA:104,4,0,0
BRDA:104,4,1,0
BRDA:104,4,2,0
BRDA:104,4,3,0
BRDA:113,5,0,0
BRDA:113,5,1,0
BRDA:113,5,2,0
BRDA:113,5,3,0
BRDA:113,5,4,0
BRDA:193,6,0,0
BRDA:193,6,1,0
BRDA:201,7,0,0
BRDA:201,7,1,0
BRDA:215,8,0,0
BRDA:215,8,1,0
BRDA:215,9,0,0
BRDA:215,9,1,0
BRDA:215,10,0,0
BRDA:215,10,1,0
BRDA:222,11,0,0
BRDA:352,12,0,0
BRDA:359,13,0,0
BRDA:359,13,1,0
BRDA:359,14,0,0
BRDA:359,14,1,0
BRDA:359,14,2,0
BRDA:364,15,0,0
BRDA:364,15,1,0
BRDA:364,15,2,0
BRF:38
BRH:0
end_of_record
TN:
SF:app\(private)\dashboard\function-model\new\page.tsx
FN:72,NewWorkflowPage
FN:84,(anonymous_6)
FN:87,(anonymous_7)
FN:89,(anonymous_8)
FN:99,(anonymous_9)
FN:107,(anonymous_10)
FN:113,(anonymous_11)
FN:140,(anonymous_12)
FN:179,(anonymous_13)
FN:187,(anonymous_14)
FN:239,(anonymous_15)
FN:239,(anonymous_16)
FN:247,(anonymous_17)
FN:247,(anonymous_18)
FN:268,(anonymous_19)
FN:268,(anonymous_20)
FN:279,(anonymous_21)
FN:279,(anonymous_22)
FN:296,(anonymous_23)
FN:296,(anonymous_24)
FN:373,(anonymous_25)
FNF:21
FNH:0
FNDA:0,NewWorkflowPage
FNDA:0,(anonymous_6)
FNDA:0,(anonymous_7)
FNDA:0,(anonymous_8)
FNDA:0,(anonymous_9)
FNDA:0,(anonymous_10)
FNDA:0,(anonymous_11)
FNDA:0,(anonymous_12)
FNDA:0,(anonymous_13)
FNDA:0,(anonymous_14)
FNDA:0,(anonymous_15)
FNDA:0,(anonymous_16)
FNDA:0,(anonymous_17)
FNDA:0,(anonymous_18)
FNDA:0,(anonymous_19)
FNDA:0,(anonymous_20)
FNDA:0,(anonymous_21)
FNDA:0,(anonymous_22)
FNDA:0,(anonymous_23)
FNDA:0,(anonymous_24)
FNDA:0,(anonymous_25)
DA:3,0
DA:4,0
DA:5,0
DA:6,0
DA:7,0
DA:8,0
DA:9,0
DA:10,0
DA:11,0
DA:12,0
DA:13,0
DA:15,0
DA:72,0
DA:73,0
DA:74,0
DA:75,0
DA:76,0
DA:84,0
DA:85,0
DA:86,0
DA:87,0
DA:88,0
DA:89,0
DA:99,0
DA:100,0
DA:101,0
DA:102,0
DA:103,0
DA:107,0
DA:109,0
DA:110,0
DA:113,0
DA:114,0
DA:115,0
DA:116,0
DA:141,0
DA:180,0
DA:187,0
DA:239,0
DA:247,0
DA:268,0
DA:279,0
DA:296,0
DA:373,0
LF:44
LH:0
BRDA:86,0,0,0
BRDA:86,0,1,0
BRDA:88,1,0,0
BRDA:88,1,1,0
BRDA:100,2,0,0
BRDA:100,2,1,0
BRDA:100,3,0,0
BRDA:100,3,1,0
BRDA:102,4,0,0
BRDA:102,4,1,0
BRDA:102,5,0,0
BRDA:102,5,1,0
BRDA:102,5,2,0
BRDA:114,6,0,0
BRDA:114,6,1,0
BRDA:115,7,0,0
BRDA:115,7,1,0
BRDA:115,8,0,0
BRDA:115,8,1,0
BRDA:143,9,0,0
BRDA:143,9,1,0
BRDA:149,10,0,0
BRDA:151,11,0,0
BRDA:151,11,1,0
BRDA:165,12,0,0
BRDA:183,13,0,0
BRDA:183,13,1,0
BRDA:220,14,0,0
BRDA:315,15,0,0
BRDA:370,16,0,0
BRDA:382,17,0,0
BRF:31
BRH:0
end_of_record
TN:
SF:app\(private)\function-model\page.tsx
FN:3,FunctionModelRedirectPage
FNF:1
FNH:0
FNDA:0,FunctionModelRedirectPage
DA:1,0
DA:3,0
DA:5,0
LF:3
LH:0
BRF:0
BRH:0
end_of_record
TN:
SF:app\(private)\function-model\list\page.tsx
FN:3,FunctionModelListRedirectPage
FNF:1
FNH:0
FNDA:0,FunctionModelListRedirectPage
DA:1,0
DA:3,0
DA:5,0
LF:3
LH:0
BRF:0
BRH:0
end_of_record
TN:
SF:app\(private)\profile\page.tsx
FN:6,ProfilePage
FNF:1
FNH:0
FNDA:0,ProfilePage
DA:6,0
LF:1
LH:0
BRF:0
BRH:0
end_of_record
TN:
SF:app\(private)\settings\page.tsx
FN:6,SettingsPage
FNF:1
FNH:0
FNDA:0,SettingsPage
DA:6,0
LF:1
LH:0
BRF:0
BRH:0
end_of_record
TN:
SF:app\(public)\layout.tsx
FN:2,PublicLayout
FNF:1
FNH:0
FNDA:0,PublicLayout
DA:2,0
DA:7,0
LF:2
LH:0
BRF:0
BRH:0
end_of_record
TN:
SF:app\(public)\page.tsx
FN:8,HomePage
FNF:1
FNH:0
FNDA:0,HomePage
DA:1,0
DA:2,0
DA:3,0
DA:4,0
DA:5,0
DA:6,0
DA:8,0
LF:7
LH:0
BRF:0
BRH:0
end_of_record
TN:
SF:app\(public)\about\page.tsx
FN:6,AboutPage
FN:99,(anonymous_2)
FNF:2
FNH:0
FNDA:0,AboutPage
FNDA:0,(anonymous_2)
DA:6,0
DA:100,0
LF:2
LH:0
BRF:0
BRH:0
end_of_record
TN:
SF:app\(public)\contact\page.tsx
FN:6,ContactPage
FNF:1
FNH:0
FNDA:0,ContactPage
DA:6,0
LF:1
LH:0
BRF:0
BRH:0
end_of_record
TN:
SF:app\api\contact\route.ts
FN:4,POST
FN:35,(anonymous_4)
FN:64,GET
FNF:3
FNH:0
FNDA:0,POST
FNDA:0,(anonymous_4)
FNDA:0,GET
DA:1,0
DA:2,0
DA:4,0
DA:5,0
DA:7,0
DA:8,0
DA:11,0
DA:13,0
DA:14,0
DA:25,0
DA:35,0
DA:43,0
DA:50,0
DA:52,0
DA:64,0
DA:65,0
LF:16
LH:0
BRDA:13,0,0,0
BRDA:13,0,1,0
BRDA:31,1,0,0
BRDA:31,1,1,0
BRF:4
BRH:0
end_of_record
TN:
SF:app\api\docs\route.ts
FN:8,GET
FNF:1
FNH:0
FNDA:0,GET
DA:1,0
DA:2,0
DA:8,0
DA:9,0
LF:4
LH:0
BRF:0
BRH:0
end_of_record
TN:
SF:app\api\docs\swagger\route.ts
FN:7,GET
FNF:1
FNH:0
FNDA:0,GET
DA:1,0
DA:7,0
DA:8,0
DA:78,0
LF:4
LH:0
BRF:0
BRH:0
end_of_record
TN:
SF:app\api\function-models\route.ts
FN:30,(anonymous_3)
FN:125,(anonymous_4)
FN:183,(anonymous_5)
FNF:3
FNH:0
FNDA:0,(anonymous_3)
FNDA:0,(anonymous_4)
FNDA:0,(anonymous_5)
DA:10,0
DA:19,0
DA:20,0
DA:21,0
DA:22,0
DA:28,0
DA:31,0
DA:33,0
DA:34,0
DA:36,0
DA:37,0
DA:45,0
DA:48,0
DA:49,0
DA:52,0
DA:53,0
DA:54,0
DA:61,0
DA:64,0
DA:71,0
DA:73,0
DA:76,0
DA:80,0
DA:84,0
DA:85,0
DA:104,0
DA:107,0
DA:108,0
DA:123,0
DA:126,0
DA:128,0
DA:129,0
DA:130,0
DA:132,0
DA:133,0
DA:141,0
DA:144,0
DA:145,0
DA:148,0
DA:149,0
DA:150,0
DA:157,0
DA:160,0
DA:171,0
DA:172,0
DA:173,0
DA:180,0
DA:183,0
DA:205,0
DA:206,0
DA:208,0
DA:220,0
DA:221,0
LF:53
LH:0
BRDA:36,0,0,0
BRDA:36,0,1,0
BRDA:53,1,0,0
BRDA:53,1,1,0
BRDA:71,2,0,0
BRDA:71,2,1,0
BRDA:73,3,0,0
BRDA:73,3,1,0
BRDA:76,4,0,0
BRDA:76,4,1,0
BRDA:96,5,0,0
BRDA:96,5,1,0
BRDA:97,6,0,0
BRDA:97,6,1,0
BRDA:132,7,0,0
BRDA:132,7,1,0
BRDA:149,8,0,0
BRDA:149,8,1,0
BRDA:172,9,0,0
BRDA:172,9,1,0
BRDA:194,10,0,0
BRDA:194,10,1,0
BRDA:195,11,0,0
BRDA:195,11,1,0
BRF:24
BRH:0
end_of_record
TN:
SF:app\api\function-models\[modelId]\route.ts
FN:36,GET
FN:42,(anonymous_5)
FN:132,(anonymous_6)
FN:150,(anonymous_7)
FN:204,PUT
FN:210,(anonymous_9)
FN:321,DELETE
FN:327,(anonymous_11)
FNF:8
FNH:0
FNDA:0,GET
FNDA:0,(anonymous_5)
FNDA:0,(anonymous_6)
FNDA:0,(anonymous_7)
FNDA:0,PUT
FNDA:0,(anonymous_9)
FNDA:0,DELETE
FNDA:0,(anonymous_11)
DA:9,0
DA:21,0
DA:22,0
DA:23,0
DA:24,0
DA:36,0
DA:40,0
DA:43,0
DA:44,0
DA:47,0
DA:48,0
DA:49,0
DA:57,0
DA:58,0
DA:59,0
DA:61,0
DA:62,0
DA:70,0
DA:73,0
DA:74,0
DA:77,0
DA:78,0
DA:79,0
DA:86,0
DA:89,0
DA:96,0
DA:97,0
DA:103,0
DA:109,0
DA:112,0
DA:115,0
DA:131,0
DA:132,0
DA:149,0
DA:150,0
DA:171,0
DA:172,0
DA:184,0
DA:187,0
DA:188,0
DA:204,0
DA:208,0
DA:211,0
DA:212,0
DA:215,0
DA:216,0
DA:217,0
DA:225,0
DA:226,0
DA:228,0
DA:229,0
DA:237,0
DA:240,0
DA:241,0
DA:244,0
DA:245,0
DA:246,0
DA:253,0
DA:256,0
DA:264,0
DA:265,0
DA:271,0
DA:277,0
DA:281,0
DA:282,0
DA:301,0
DA:304,0
DA:305,0
DA:321,0
DA:325,0
DA:328,0
DA:329,0
DA:332,0
DA:333,0
DA:334,0
DA:342,0
DA:343,0
DA:346,0
DA:347,0
DA:348,0
DA:355,0
DA:358,0
DA:359,0
DA:360,0
DA:367,0
DA:370,0
DA:371,0
DA:379,0
DA:380,0
DA:381,0
DA:388,0
DA:394,0
DA:395,0
LF:93
LH:0
BRDA:48,0,0,0
BRDA:48,0,1,0
BRDA:61,1,0,0
BRDA:61,1,1,0
BRDA:78,2,0,0
BRDA:78,2,1,0
BRDA:96,3,0,0
BRDA:96,3,1,0
BRDA:97,4,0,0
BRDA:97,4,1,0
BRDA:99,5,0,0
BRDA:99,5,1,0
BRDA:103,6,0,0
BRDA:103,6,1,0
BRDA:105,7,0,0
BRDA:105,7,1,0
BRDA:131,8,0,0
BRDA:131,8,1,0
BRDA:131,9,0,0
BRDA:131,9,1,0
BRDA:149,10,0,0
BRDA:149,10,1,0
BRDA:149,11,0,0
BRDA:149,11,1,0
BRDA:171,12,0,0
BRDA:171,12,1,0
BRDA:171,13,0,0
BRDA:171,13,1,0
BRDA:216,14,0,0
BRDA:216,14,1,0
BRDA:228,15,0,0
BRDA:228,15,1,0
BRDA:245,16,0,0
BRDA:245,16,1,0
BRDA:264,17,0,0
BRDA:264,17,1,0
BRDA:265,18,0,0
BRDA:265,18,1,0
BRDA:267,19,0,0
BRDA:267,19,1,0
BRDA:271,20,0,0
BRDA:271,20,1,0
BRDA:273,21,0,0
BRDA:273,21,1,0
BRDA:293,22,0,0
BRDA:293,22,1,0
BRDA:294,23,0,0
BRDA:294,23,1,0
BRDA:333,24,0,0
BRDA:333,24,1,0
BRDA:347,25,0,0
BRDA:347,25,1,0
BRDA:359,26,0,0
BRDA:359,26,1,0
BRDA:359,27,0,0
BRDA:359,27,1,0
BRDA:370,28,0,0
BRDA:370,28,1,0
BRDA:380,29,0,0
BRDA:380,29,1,0
BRF:60
BRH:0
end_of_record
TN:
SF:app\api\function-models\[modelId]\actions\route.ts
FN:31,POST
FN:37,(anonymous_4)
FN:202,GET
FN:208,(anonymous_6)
FN:271,(anonymous_7)
FN:275,(anonymous_8)
FNF:6
FNH:0
FNDA:0,POST
FNDA:0,(anonymous_4)
FNDA:0,GET
FNDA:0,(anonymous_6)
FNDA:0,(anonymous_7)
FNDA:0,(anonymous_8)
DA:9,0
DA:16,0
DA:17,0
DA:18,0
DA:19,0
DA:31,0
DA:35,0
DA:38,0
DA:39,0
DA:42,0
DA:43,0
DA:44,0
DA:52,0
DA:53,0
DA:55,0
DA:56,0
DA:64,0
DA:67,0
DA:68,0
DA:71,0
DA:72,0
DA:73,0
DA:80,0
DA:83,0
DA:84,0
DA:85,0
DA:92,0
DA:96,0
DA:99,0
DA:100,0
DA:108,0
DA:109,0
DA:117,0
DA:118,0
DA:119,0
DA:127,0
DA:139,0
DA:140,0
DA:148,0
DA:149,0
DA:150,0
DA:158,0
DA:161,0
DA:180,0
DA:185,0
DA:186,0
DA:202,0
DA:206,0
DA:209,0
DA:210,0
DA:213,0
DA:214,0
DA:215,0
DA:223,0
DA:224,0
DA:227,0
DA:228,0
DA:231,0
DA:232,0
DA:233,0
DA:240,0
DA:243,0
DA:250,0
DA:251,0
DA:257,0
DA:263,0
DA:266,0
DA:269,0
DA:270,0
DA:271,0
DA:275,0
DA:294,0
DA:301,0
DA:302,0
LF:74
LH:0
BRDA:43,0,0,0
BRDA:43,0,1,0
BRDA:55,1,0,0
BRDA:55,1,1,0
BRDA:72,2,0,0
BRDA:72,2,1,0
BRDA:84,3,0,0
BRDA:84,3,1,0
BRDA:84,4,0,0
BRDA:84,4,1,0
BRDA:96,5,0,0
BRDA:96,5,1,0
BRDA:97,6,0,0
BRDA:97,6,1,0
BRDA:99,7,0,0
BRDA:99,7,1,0
BRDA:108,8,0,0
BRDA:108,8,1,0
BRDA:118,9,0,0
BRDA:118,9,1,0
BRDA:135,10,0,0
BRDA:135,10,1,0
BRDA:136,11,0,0
BRDA:136,11,1,0
BRDA:139,12,0,0
BRDA:139,12,1,0
BRDA:149,13,0,0
BRDA:149,13,1,0
BRDA:214,14,0,0
BRDA:214,14,1,0
BRDA:232,15,0,0
BRDA:232,15,1,0
BRDA:250,16,0,0
BRDA:250,16,1,0
BRDA:251,17,0,0
BRDA:251,17,1,0
BRDA:253,18,0,0
BRDA:253,18,1,0
BRDA:257,19,0,0
BRDA:257,19,1,0
BRDA:259,20,0,0
BRDA:259,20,1,0
BRDA:269,21,0,0
BRDA:269,21,1,0
BRDA:270,22,0,0
BRDA:270,22,1,0
BRDA:297,23,0,0
BRDA:297,23,1,0
BRF:48
BRH:0
end_of_record
TN:
SF:app\api\function-models\[modelId]\audit\route.ts
FN:30,GET
FN:36,(anonymous_2)
FN:150,(anonymous_3)
FNF:3
FNH:0
FNDA:0,GET
FNDA:0,(anonymous_2)
FNDA:0,(anonymous_3)
DA:9,0
DA:17,0
DA:18,0
DA:30,0
DA:34,0
DA:37,0
DA:38,0
DA:41,0
DA:42,0
DA:43,0
DA:51,0
DA:52,0
DA:55,0
DA:61,0
DA:63,0
DA:64,0
DA:72,0
DA:75,0
DA:78,0
DA:85,0
DA:86,0
DA:94,0
DA:96,0
DA:100,0
DA:101,0
DA:109,0
DA:117,0
DA:118,0
DA:121,0
DA:122,0
DA:125,0
DA:126,0
DA:129,0
DA:130,0
DA:134,0
DA:135,0
DA:138,0
DA:140,0
DA:141,0
DA:142,0
DA:150,0
DA:164,0
DA:165,0
DA:166,0
DA:175,0
DA:189,0
DA:190,0
LF:47
LH:0
BRDA:42,0,0,0
BRDA:42,0,1,0
BRDA:57,1,0,0
BRDA:57,1,1,0
BRDA:58,2,0,0
BRDA:58,2,1,0
BRDA:63,3,0,0
BRDA:63,3,1,0
BRDA:85,4,0,0
BRDA:85,4,1,0
BRDA:85,5,0,0
BRDA:85,5,1,0
BRDA:96,6,0,0
BRDA:96,6,1,0
BRDA:96,6,2,0
BRDA:97,7,0,0
BRDA:97,7,1,0
BRDA:98,8,0,0
BRDA:98,8,1,0
BRDA:100,9,0,0
BRDA:100,9,1,0
BRDA:117,10,0,0
BRDA:117,10,1,0
BRDA:121,11,0,0
BRDA:121,11,1,0
BRDA:125,12,0,0
BRDA:125,12,1,0
BRDA:129,13,0,0
BRDA:129,13,1,0
BRDA:140,14,0,0
BRDA:140,14,1,0
BRDA:150,15,0,0
BRDA:150,15,1,0
BRDA:164,16,0,0
BRDA:164,16,1,0
BRF:35
BRH:0
end_of_record
TN:
SF:app\api\function-models\[modelId]\execute\route.ts
FN:31,POST
FN:37,(anonymous_4)
FN:133,(anonymous_5)
FN:138,(anonymous_6)
FN:139,(anonymous_7)
FN:148,(anonymous_8)
FN:230,(anonymous_9)
FN:295,GET
FN:301,(anonymous_11)
FNF:9
FNH:0
FNDA:0,POST
FNDA:0,(anonymous_4)
FNDA:0,(anonymous_5)
FNDA:0,(anonymous_6)
FNDA:0,(anonymous_7)
FNDA:0,(anonymous_8)
FNDA:0,(anonymous_9)
FNDA:0,GET
FNDA:0,(anonymous_11)
DA:9,0
DA:16,0
DA:17,0
DA:18,0
DA:19,0
DA:31,0
DA:35,0
DA:38,0
DA:39,0
DA:42,0
DA:43,0
DA:44,0
DA:52,0
DA:53,0
DA:55,0
DA:56,0
DA:64,0
DA:67,0
DA:68,0
DA:71,0
DA:72,0
DA:73,0
DA:80,0
DA:83,0
DA:84,0
DA:85,0
DA:92,0
DA:96,0
DA:100,0
DA:101,0
DA:109,0
DA:110,0
DA:125,0
DA:126,0
DA:129,0
DA:130,0
DA:133,0
DA:134,0
DA:138,0
DA:139,0
DA:140,0
DA:143,0
DA:148,0
DA:163,0
DA:165,0
DA:167,0
DA:169,0
DA:186,0
DA:190,0
DA:191,0
DA:192,0
DA:200,0
DA:221,0
DA:230,0
DA:232,0
DA:233,0
DA:235,0
DA:270,0
DA:278,0
DA:279,0
DA:295,0
DA:299,0
DA:302,0
DA:303,0
DA:304,0
DA:305,0
DA:307,0
DA:308,0
DA:316,0
DA:317,0
DA:318,0
DA:326,0
DA:328,0
DA:336,0
DA:337,0
DA:345,0
DA:366,0
DA:369,0
DA:370,0
LF:79
LH:0
BRDA:43,0,0,0
BRDA:43,0,1,0
BRDA:55,1,0,0
BRDA:55,1,1,0
BRDA:72,2,0,0
BRDA:72,2,1,0
BRDA:84,3,0,0
BRDA:84,3,1,0
BRDA:84,4,0,0
BRDA:84,4,1,0
BRDA:96,5,0,0
BRDA:96,5,1,0
BRDA:96,5,2,0
BRDA:97,6,0,0
BRDA:97,6,1,0
BRDA:98,7,0,0
BRDA:98,7,1,0
BRDA:100,8,0,0
BRDA:100,8,1,0
BRDA:109,9,0,0
BRDA:109,9,1,0
BRDA:134,10,0,0
BRDA:134,10,1,0
BRDA:165,11,0,0
BRDA:165,11,1,0
BRDA:182,12,0,0
BRDA:182,12,1,0
BRDA:190,13,0,0
BRDA:190,13,1,0
BRDA:209,14,0,0
BRDA:209,14,1,0
BRDA:215,15,0,0
BRDA:215,15,1,0
BRDA:217,16,0,0
BRDA:217,16,1,0
BRDA:238,17,0,0
BRDA:238,17,1,0
BRDA:251,18,0,0
BRDA:251,18,1,0
BRDA:264,19,0,0
BRDA:264,19,1,0
BRDA:266,20,0,0
BRDA:266,20,1,0
BRDA:271,21,0,0
BRDA:271,21,1,0
BRDA:307,22,0,0
BRDA:307,22,1,0
BRDA:317,23,0,0
BRDA:317,23,1,0
BRDA:317,24,0,0
BRDA:317,24,1,0
BRDA:336,25,0,0
BRDA:336,25,1,0
BRDA:336,26,0,0
BRDA:336,26,1,0
BRDA:353,27,0,0
BRDA:353,27,1,0
BRF:57
BRH:0
end_of_record
TN:
SF:app\api\function-models\[modelId]\nodes\route.ts
FN:31,POST
FN:37,(anonymous_4)
FN:159,(anonymous_5)
FN:190,GET
FN:196,(anonymous_7)
FN:253,(anonymous_8)
FNF:6
FNH:0
FNDA:0,POST
FNDA:0,(anonymous_4)
FNDA:0,(anonymous_5)
FNDA:0,GET
FNDA:0,(anonymous_7)
FNDA:0,(anonymous_8)
DA:9,0
DA:16,0
DA:17,0
DA:18,0
DA:19,0
DA:31,0
DA:35,0
DA:38,0
DA:39,0
DA:42,0
DA:43,0
DA:44,0
DA:52,0
DA:53,0
DA:55,0
DA:56,0
DA:64,0
DA:67,0
DA:68,0
DA:71,0
DA:72,0
DA:73,0
DA:80,0
DA:83,0
DA:84,0
DA:85,0
DA:92,0
DA:96,0
DA:99,0
DA:100,0
DA:108,0
DA:109,0
DA:119,0
DA:131,0
DA:132,0
DA:140,0
DA:141,0
DA:142,0
DA:150,0
DA:153,0
DA:159,0
DA:168,0
DA:173,0
DA:174,0
DA:190,0
DA:194,0
DA:197,0
DA:198,0
DA:201,0
DA:202,0
DA:203,0
DA:211,0
DA:212,0
DA:215,0
DA:216,0
DA:217,0
DA:224,0
DA:227,0
DA:234,0
DA:235,0
DA:241,0
DA:247,0
DA:250,0
DA:253,0
DA:268,0
DA:274,0
DA:275,0
LF:67
LH:0
BRDA:43,0,0,0
BRDA:43,0,1,0
BRDA:55,1,0,0
BRDA:55,1,1,0
BRDA:72,2,0,0
BRDA:72,2,1,0
BRDA:84,3,0,0
BRDA:84,3,1,0
BRDA:84,4,0,0
BRDA:84,4,1,0
BRDA:96,5,0,0
BRDA:96,5,1,0
BRDA:97,6,0,0
BRDA:97,6,1,0
BRDA:99,7,0,0
BRDA:99,7,1,0
BRDA:108,8,0,0
BRDA:108,8,1,0
BRDA:127,9,0,0
BRDA:127,9,1,0
BRDA:128,10,0,0
BRDA:128,10,1,0
BRDA:131,11,0,0
BRDA:131,11,1,0
BRDA:141,12,0,0
BRDA:141,12,1,0
BRDA:202,13,0,0
BRDA:202,13,1,0
BRDA:216,14,0,0
BRDA:216,14,1,0
BRDA:234,15,0,0
BRDA:234,15,1,0
BRDA:235,16,0,0
BRDA:235,16,1,0
BRDA:237,17,0,0
BRDA:237,17,1,0
BRDA:241,18,0,0
BRDA:241,18,1,0
BRDA:243,19,0,0
BRDA:243,19,1,0
BRDA:253,20,0,0
BRDA:253,20,1,0
BRF:42
BRH:0
end_of_record
TN:
SF:app\api\function-models\[modelId]\publish\route.ts
FN:30,POST
FN:36,(anonymous_2)
FNF:2
FNH:0
FNDA:0,POST
FNDA:0,(anonymous_2)
DA:9,0
DA:15,0
DA:16,0
DA:17,0
DA:18,0
DA:30,0
DA:34,0
DA:37,0
DA:38,0
DA:41,0
DA:42,0
DA:43,0
DA:51,0
DA:52,0
DA:54,0
DA:55,0
DA:63,0
DA:66,0
DA:67,0
DA:70,0
DA:71,0
DA:72,0
DA:79,0
DA:82,0
DA:89,0
DA:91,0
DA:92,0
DA:94,0
DA:95,0
DA:96,0
DA:97,0
DA:98,0
DA:99,0
DA:100,0
DA:101,0
DA:102,0
DA:103,0
DA:104,0
DA:105,0
DA:108,0
DA:112,0
DA:113,0
DA:133,0
DA:138,0
DA:139,0
LF:45
LH:0
BRDA:42,0,0,0
BRDA:42,0,1,0
BRDA:54,1,0,0
BRDA:54,1,1,0
BRDA:71,2,0,0
BRDA:71,2,1,0
BRDA:89,3,0,0
BRDA:89,3,1,0
BRDA:94,4,0,0
BRDA:94,4,1,0
BRDA:97,5,0,0
BRDA:97,5,1,0
BRDA:97,6,0,0
BRDA:97,6,1,0
BRDA:100,7,0,0
BRDA:100,7,1,0
BRDA:100,8,0,0
BRDA:100,8,1,0
BRDA:103,9,0,0
BRDA:103,9,1,0
BRDA:124,10,0,0
BRDA:124,10,1,0
BRDA:125,11,0,0
BRDA:125,11,1,0
BRF:24
BRH:0
end_of_record
TN:
SF:app\api\function-models\[modelId]\statistics\route.ts
FN:29,GET
FN:35,(anonymous_2)
FN:97,(anonymous_3)
FN:103,(anonymous_4)
FN:109,(anonymous_5)
FN:113,(anonymous_6)
FN:117,(anonymous_7)
FN:120,(anonymous_8)
FN:127,(anonymous_9)
FN:131,(anonymous_10)
FN:136,(anonymous_11)
FN:141,(anonymous_12)
FN:147,(anonymous_13)
FN:158,(anonymous_14)
FN:159,(anonymous_15)
FN:192,(anonymous_16)
FN:196,(anonymous_17)
FNF:17
FNH:0
FNDA:0,GET
FNDA:0,(anonymous_2)
FNDA:0,(anonymous_3)
FNDA:0,(anonymous_4)
FNDA:0,(anonymous_5)
FNDA:0,(anonymous_6)
FNDA:0,(anonymous_7)
FNDA:0,(anonymous_8)
FNDA:0,(anonymous_9)
FNDA:0,(anonymous_10)
FNDA:0,(anonymous_11)
FNDA:0,(anonymous_12)
FNDA:0,(anonymous_13)
FNDA:0,(anonymous_14)
FNDA:0,(anonymous_15)
FNDA:0,(anonymous_16)
FNDA:0,(anonymous_17)
DA:9,0
DA:14,0
DA:15,0
DA:16,0
DA:17,0
DA:29,0
DA:33,0
DA:36,0
DA:37,0
DA:40,0
DA:41,0
DA:42,0
DA:50,0
DA:51,0
DA:54,0
DA:55,0
DA:56,0
DA:63,0
DA:66,0
DA:74,0
DA:75,0
DA:81,0
DA:87,0
DA:90,0
DA:93,0
DA:94,0
DA:97,0
DA:98,0
DA:99,0
DA:103,0
DA:104,0
DA:105,0
DA:109,0
DA:110,0
DA:113,0
DA:114,0
DA:115,0
DA:117,0
DA:118,0
DA:120,0
DA:121,0
DA:123,0
DA:126,0
DA:127,0
DA:131,0
DA:132,0
DA:136,0
DA:137,0
DA:138,0
DA:141,0
DA:142,0
DA:143,0
DA:144,0
DA:147,0
DA:148,0
DA:149,0
DA:153,0
DA:157,0
DA:158,0
DA:159,0
DA:177,0
DA:192,0
DA:196,0
DA:202,0
DA:209,0
DA:210,0
LF:66
LH:0
BRDA:41,0,0,0
BRDA:41,0,1,0
BRDA:55,1,0,0
BRDA:55,1,1,0
BRDA:74,2,0,0
BRDA:74,2,1,0
BRDA:75,3,0,0
BRDA:75,3,1,0
BRDA:77,4,0,0
BRDA:77,4,1,0
BRDA:81,5,0,0
BRDA:81,5,1,0
BRDA:83,6,0,0
BRDA:83,6,1,0
BRDA:93,7,0,0
BRDA:93,7,1,0
BRDA:94,8,0,0
BRDA:94,8,1,0
BRDA:98,9,0,0
BRDA:98,9,1,0
BRDA:104,10,0,0
BRDA:104,10,1,0
BRDA:110,11,0,0
BRDA:110,11,1,0
BRDA:113,12,0,0
BRDA:114,13,0,0
BRDA:114,13,1,0
BRDA:118,14,0,0
BRDA:118,14,1,0
BRDA:118,15,0,0
BRDA:118,15,1,0
BRDA:126,16,0,0
BRDA:126,16,1,0
BRDA:132,17,0,0
BRDA:132,17,1,0
BRDA:137,18,0,0
BRDA:137,18,1,0
BRDA:143,19,0,0
BRDA:143,19,1,0
BRDA:148,20,0,0
BRDA:148,20,1,0
BRDA:153,21,0,0
BRDA:153,21,1,0
BRDA:159,22,0,0
BRDA:159,22,1,0
BRDA:195,23,0,0
BRDA:195,23,1,0
BRF:47
BRH:0
end_of_record
TN:
SF:app\api\function-models\search\route.ts
FN:26,GET
FN:29,(anonymous_2)
FN:102,(anonymous_3)
FN:104,(anonymous_4)
FN:111,(anonymous_5)
FN:118,(anonymous_6)
FN:124,(anonymous_7)
FNF:7
FNH:0
FNDA:0,GET
FNDA:0,(anonymous_2)
FNDA:0,(anonymous_3)
FNDA:0,(anonymous_4)
FNDA:0,(anonymous_5)
FNDA:0,(anonymous_6)
FNDA:0,(anonymous_7)
DA:9,0
DA:17,0
DA:18,0
DA:19,0
DA:20,0
DA:26,0
DA:27,0
DA:30,0
DA:32,0
DA:33,0
DA:36,0
DA:45,0
DA:47,0
DA:48,0
DA:56,0
DA:59,0
DA:60,0
DA:64,0
DA:65,0
DA:66,0
DA:73,0
DA:76,0
DA:87,0
DA:88,0
DA:95,0
DA:98,0
DA:101,0
DA:102,0
DA:103,0
DA:104,0
DA:109,0
DA:110,0
DA:111,0
DA:112,0
DA:116,0
DA:117,0
DA:118,0
DA:119,0
DA:124,0
DA:140,0
DA:149,0
DA:162,0
DA:163,0
LF:43
LH:0
BRDA:38,0,0,0
BRDA:38,0,1,0
BRDA:39,1,0,0
BRDA:39,1,1,0
BRDA:41,2,0,0
BRDA:41,2,1,0
BRDA:42,3,0,0
BRDA:42,3,1,0
BRDA:47,4,0,0
BRDA:47,4,1,0
BRDA:65,5,0,0
BRDA:65,5,1,0
BRDA:87,6,0,0
BRDA:87,6,1,0
BRDA:101,7,0,0
BRDA:101,7,1,0
BRDA:101,8,0,0
BRDA:101,8,1,0
BRDA:103,9,0,0
BRDA:103,9,1,0
BRDA:109,10,0,0
BRDA:109,10,1,0
BRDA:116,11,0,0
BRDA:116,11,1,0
BRF:24
BRH:0
end_of_record
TN:
SF:app\hooks\use-context-ui-state.ts
FN:235,useContextUIState
FN:241,(anonymous_2)
FN:250,(anonymous_3)
FN:258,(anonymous_4)
FN:259,(anonymous_5)
FN:261,(anonymous_6)
FN:275,(anonymous_7)
FN:276,(anonymous_8)
FN:278,(anonymous_9)
FN:284,(anonymous_10)
FN:285,(anonymous_11)
FN:299,(anonymous_12)
FN:300,(anonymous_13)
FN:303,(anonymous_14)
FN:304,(anonymous_15)
FN:307,(anonymous_16)
FN:308,(anonymous_17)
FN:309,(anonymous_18)
FN:310,(anonymous_19)
FN:317,(anonymous_20)
FN:318,(anonymous_21)
FN:320,(anonymous_22)
FN:324,(anonymous_23)
FN:325,(anonymous_24)
FN:329,(anonymous_25)
FN:330,(anonymous_26)
FN:338,(anonymous_27)
FN:339,(anonymous_28)
FN:347,(anonymous_29)
FN:348,(anonymous_30)
FN:356,(anonymous_31)
FN:357,(anonymous_32)
FN:359,(anonymous_33)
FN:363,(anonymous_34)
FN:364,(anonymous_35)
FN:370,(anonymous_36)
FN:372,(anonymous_37)
FN:381,(anonymous_38)
FN:382,(anonymous_39)
FN:385,(anonymous_40)
FN:386,(anonymous_41)
FN:394,(anonymous_42)
FN:395,(anonymous_43)
FN:397,(anonymous_44)
FN:401,(anonymous_45)
FN:402,(anonymous_46)
FN:405,(anonymous_47)
FN:410,(anonymous_48)
FN:422,(anonymous_49)
FN:430,(anonymous_50)
FN:431,(anonymous_51)
FN:433,(anonymous_52)
FN:438,(anonymous_53)
FN:439,(anonymous_54)
FN:446,(anonymous_55)
FN:448,(anonymous_56)
FN:455,(anonymous_57)
FN:472,(anonymous_58)
FN:478,(anonymous_59)
FN:479,(anonymous_60)
FN:481,(anonymous_61)
FN:487,(anonymous_62)
FN:488,(anonymous_63)
FN:490,(anonymous_64)
FN:503,(anonymous_65)
FN:504,(anonymous_66)
FN:510,(anonymous_67)
FN:512,(anonymous_68)
FN:516,(anonymous_69)
FN:533,(anonymous_70)
FN:534,(anonymous_71)
FN:536,(anonymous_72)
FN:539,(anonymous_73)
FN:542,(anonymous_74)
FN:543,(anonymous_75)
FN:546,(anonymous_76)
FN:552,(anonymous_77)
FN:553,(anonymous_78)
FN:556,(anonymous_79)
FN:557,(anonymous_80)
FN:560,(anonymous_81)
FN:561,(anonymous_82)
FN:564,(anonymous_83)
FN:565,(anonymous_84)
FN:569,(anonymous_85)
FN:570,(anonymous_86)
FN:573,(anonymous_87)
FN:574,(anonymous_88)
FN:577,(anonymous_89)
FN:578,(anonymous_90)
FN:581,(anonymous_91)
FN:582,(anonymous_92)
FN:585,(anonymous_93)
FN:586,(anonymous_94)
FN:590,(anonymous_95)
FN:591,(anonymous_96)
FN:594,(anonymous_97)
FN:595,(anonymous_98)
FN:598,(anonymous_99)
FN:599,(anonymous_100)
FN:603,(anonymous_101)
FN:604,(anonymous_102)
FN:607,(anonymous_103)
FN:608,(anonymous_104)
FN:611,(anonymous_105)
FN:612,(anonymous_106)
FN:615,(anonymous_107)
FN:616,(anonymous_108)
FN:619,(anonymous_109)
FN:620,(anonymous_110)
FN:625,(anonymous_111)
FN:630,(anonymous_112)
FN:635,(anonymous_113)
FN:643,(anonymous_114)
FN:648,(anonymous_115)
FN:654,(anonymous_116)
FN:655,(anonymous_117)
FNF:117
FNH:0
FNDA:0,useContextUIState
FNDA:0,(anonymous_2)
FNDA:0,(anonymous_3)
FNDA:0,(anonymous_4)
FNDA:0,(anonymous_5)
FNDA:0,(anonymous_6)
FNDA:0,(anonymous_7)
FNDA:0,(anonymous_8)
FNDA:0,(anonymous_9)
FNDA:0,(anonymous_10)
FNDA:0,(anonymous_11)
FNDA:0,(anonymous_12)
FNDA:0,(anonymous_13)
FNDA:0,(anonymous_14)
FNDA:0,(anonymous_15)
FNDA:0,(anonymous_16)
FNDA:0,(anonymous_17)
FNDA:0,(anonymous_18)
FNDA:0,(anonymous_19)
FNDA:0,(anonymous_20)
FNDA:0,(anonymous_21)
FNDA:0,(anonymous_22)
FNDA:0,(anonymous_23)
FNDA:0,(anonymous_24)
FNDA:0,(anonymous_25)
FNDA:0,(anonymous_26)
FNDA:0,(anonymous_27)
FNDA:0,(anonymous_28)
FNDA:0,(anonymous_29)
FNDA:0,(anonymous_30)
FNDA:0,(anonymous_31)
FNDA:0,(anonymous_32)
FNDA:0,(anonymous_33)
FNDA:0,(anonymous_34)
FNDA:0,(anonymous_35)
FNDA:0,(anonymous_36)
FNDA:0,(anonymous_37)
FNDA:0,(anonymous_38)
FNDA:0,(anonymous_39)
FNDA:0,(anonymous_40)
FNDA:0,(anonymous_41)
FNDA:0,(anonymous_42)
FNDA:0,(anonymous_43)
FNDA:0,(anonymous_44)
FNDA:0,(anonymous_45)
FNDA:0,(anonymous_46)
FNDA:0,(anonymous_47)
FNDA:0,(anonymous_48)
FNDA:0,(anonymous_49)
FNDA:0,(anonymous_50)
FNDA:0,(anonymous_51)
FNDA:0,(anonymous_52)
FNDA:0,(anonymous_53)
FNDA:0,(anonymous_54)
FNDA:0,(anonymous_55)
FNDA:0,(anonymous_56)
FNDA:0,(anonymous_57)
FNDA:0,(anonymous_58)
FNDA:0,(anonymous_59)
FNDA:0,(anonymous_60)
FNDA:0,(anonymous_61)
FNDA:0,(anonymous_62)
FNDA:0,(anonymous_63)
FNDA:0,(anonymous_64)
FNDA:0,(anonymous_65)
FNDA:0,(anonymous_66)
FNDA:0,(anonymous_67)
FNDA:0,(anonymous_68)
FNDA:0,(anonymous_69)
FNDA:0,(anonymous_70)
FNDA:0,(anonymous_71)
FNDA:0,(anonymous_72)
FNDA:0,(anonymous_73)
FNDA:0,(anonymous_74)
FNDA:0,(anonymous_75)
FNDA:0,(anonymous_76)
FNDA:0,(anonymous_77)
FNDA:0,(anonymous_78)
FNDA:0,(anonymous_79)
FNDA:0,(anonymous_80)
FNDA:0,(anonymous_81)
FNDA:0,(anonymous_82)
FNDA:0,(anonymous_83)
FNDA:0,(anonymous_84)
FNDA:0,(anonymous_85)
FNDA:0,(anonymous_86)
FNDA:0,(anonymous_87)
FNDA:0,(anonymous_88)
FNDA:0,(anonymous_89)
FNDA:0,(anonymous_90)
FNDA:0,(anonymous_91)
FNDA:0,(anonymous_92)
FNDA:0,(anonymous_93)
FNDA:0,(anonymous_94)
FNDA:0,(anonymous_95)
FNDA:0,(anonymous_96)
FNDA:0,(anonymous_97)
FNDA:0,(anonymous_98)
FNDA:0,(anonymous_99)
FNDA:0,(anonymous_100)
FNDA:0,(anonymous_101)
FNDA:0,(anonymous_102)
FNDA:0,(anonymous_103)
FNDA:0,(anonymous_104)
FNDA:0,(anonymous_105)
FNDA:0,(anonymous_106)
FNDA:0,(anonymous_107)
FNDA:0,(anonymous_108)
FNDA:0,(anonymous_109)
FNDA:0,(anonymous_110)
FNDA:0,(anonymous_111)
FNDA:0,(anonymous_112)
FNDA:0,(anonymous_113)
FNDA:0,(anonymous_114)
FNDA:0,(anonymous_115)
FNDA:0,(anonymous_116)
FNDA:0,(anonymous_117)
DA:6,0
DA:195,0
DA:235,0
DA:236,0
DA:237,0
DA:238,0
DA:241,0
DA:242,0
DA:243,0
DA:250,0
DA:255,0
DA:258,0
DA:259,0
DA:262,0
DA:263,0
DA:270,0
DA:275,0
DA:276,0
DA:278,0
DA:284,0
DA:285,0
DA:286,0
DA:288,0
DA:295,0
DA:299,0
DA:300,0
DA:303,0
DA:304,0
DA:307,0
DA:308,0
DA:309,0
DA:310,0
DA:317,0
DA:318,0
DA:320,0
DA:324,0
DA:325,0
DA:329,0
DA:330,0
DA:338,0
DA:339,0
DA:347,0
DA:348,0
DA:356,0
DA:357,0
DA:359,0
DA:363,0
DA:364,0
DA:370,0
DA:372,0
DA:381,0
DA:382,0
DA:385,0
DA:386,0
DA:394,0
DA:395,0
DA:397,0
DA:401,0
DA:402,0
DA:405,0
DA:406,0
DA:407,0
DA:410,0
DA:422,0
DA:427,0
DA:430,0
DA:431,0
DA:433,0
DA:438,0
DA:439,0
DA:446,0
DA:448,0
DA:455,0
DA:456,0
DA:472,0
DA:478,0
DA:479,0
DA:482,0
DA:487,0
DA:488,0
DA:491,0
DA:492,0
DA:497,0
DA:503,0
DA:504,0
DA:505,0
DA:508,0
DA:510,0
DA:512,0
DA:515,0
DA:516,0
DA:530,0
DA:533,0
DA:534,0
DA:536,0
DA:537,0
DA:539,0
DA:542,0
DA:543,0
DA:546,0
DA:552,0
DA:553,0
DA:556,0
DA:557,0
DA:560,0
DA:561,0
DA:564,0
DA:565,0
DA:569,0
DA:570,0
DA:573,0
DA:574,0
DA:577,0
DA:578,0
DA:581,0
DA:582,0
DA:585,0
DA:586,0
DA:590,0
DA:591,0
DA:594,0
DA:595,0
DA:598,0
DA:599,0
DA:603,0
DA:604,0
DA:607,0
DA:608,0
DA:611,0
DA:612,0
DA:615,0
DA:616,0
DA:619,0
DA:620,0
DA:621,0
DA:625,0
DA:626,0
DA:627,0
DA:630,0
DA:631,0
DA:634,0
DA:635,0
DA:636,0
DA:642,0
DA:643,0
DA:647,0
DA:648,0
DA:651,0
DA:654,0
DA:655,0
DA:659,0
DA:661,0
DA:662,0
DA:663,0
DA:665,0
DA:666,0
DA:667,0
DA:669,0
DA:670,0
DA:671,0
DA:673,0
DA:674,0
DA:675,0
DA:677,0
DA:680,0
DA:681,0
DA:683,0
DA:687,0
DA:690,0
LF:169
LH:0
BRDA:262,0,0,0
BRDA:262,0,1,0
BRDA:279,1,0,0
BRDA:279,1,1,0
BRDA:280,2,0,0
BRDA:280,2,1,0
BRDA:286,3,0,0
BRDA:286,3,1,0
BRDA:309,4,0,0
BRDA:309,4,1,0
BRDA:309,5,0,0
BRDA:309,5,1,0
BRDA:350,6,0,0
BRDA:350,6,1,0
BRDA:388,7,0,0
BRDA:388,7,1,0
BRDA:410,8,0,0
BRDA:410,8,1,0
BRDA:410,9,0,0
BRDA:410,9,1,0
BRDA:411,10,0,0
BRDA:411,10,1,0
BRDA:482,11,0,0
BRDA:482,11,1,0
BRDA:491,12,0,0
BRDA:491,12,1,0
BRDA:491,13,0,0
BRDA:491,13,1,0
BRDA:505,14,0,0
BRDA:505,14,1,0
BRDA:508,15,0,0
BRDA:508,15,1,0
BRDA:515,16,0,0
BRDA:515,16,1,0
BRDA:545,17,0,0
BRDA:545,17,1,0
BRDA:621,18,0,0
BRDA:621,18,1,0
BRDA:627,19,0,0
BRDA:627,19,1,0
BRDA:634,20,0,0
BRDA:634,20,1,0
BRDA:636,21,0,0
BRDA:636,21,1,0
BRDA:642,22,0,0
BRDA:642,22,1,0
BRDA:647,23,0,0
BRDA:647,23,1,0
BRDA:659,24,0,0
BRDA:659,24,1,0
BRDA:659,24,2,0
BRDA:659,24,3,0
BRDA:659,24,4,0
BRDA:680,25,0,0
BRDA:680,25,1,0
BRDA:681,26,0,0
BRDA:681,26,1,0
BRDA:681,27,0,0
BRDA:681,27,1,0
BRDA:683,28,0,0
BRDA:683,28,1,0
BRDA:683,29,0,0
BRDA:683,29,1,0
BRF:63
BRH:0
end_of_record
TN:
SF:app\hooks\use-data-fetching.ts
FN:28,useFetch
FN:49,(anonymous_5)
FN:71,(anonymous_6)
FN:89,(anonymous_7)
FN:93,(anonymous_8)
FN:95,(anonymous_9)
FN:100,(anonymous_10)
FN:134,useMutation
FN:144,(anonymous_12)
FN:166,(anonymous_13)
FN:204,usePagination
FN:221,(anonymous_15)
FN:239,(anonymous_16)
FN:241,(anonymous_17)
FN:245,(anonymous_18)
FN:247,(anonymous_19)
FN:251,(anonymous_20)
FN:257,(anonymous_21)
FNF:18
FNH:0
FNDA:0,useFetch
FNDA:0,(anonymous_5)
FNDA:0,(anonymous_6)
FNDA:0,(anonymous_7)
FNDA:0,(anonymous_8)
FNDA:0,(anonymous_9)
FNDA:0,(anonymous_10)
FNDA:0,useMutation
FNDA:0,(anonymous_12)
FNDA:0,(anonymous_13)
FNDA:0,usePagination
FNDA:0,(anonymous_15)
FNDA:0,(anonymous_16)
FNDA:0,(anonymous_17)
FNDA:0,(anonymous_18)
FNDA:0,(anonymous_19)
FNDA:0,(anonymous_20)
FNDA:0,(anonymous_21)
DA:6,0
DA:28,0
DA:40,0
DA:42,0
DA:43,0
DA:44,0
DA:46,0
DA:47,0
DA:49,0
DA:50,0
DA:52,0
DA:53,0
DA:55,0
DA:56,0
DA:58,0
DA:59,0
DA:60,0
DA:61,0
DA:62,0
DA:65,0
DA:66,0
DA:69,0
DA:70,0
DA:71,0
DA:72,0
DA:73,0
DA:76,0
DA:79,0
DA:80,0
DA:83,0
DA:84,0
DA:89,0
DA:90,0
DA:93,0
DA:94,0
DA:95,0
DA:96,0
DA:100,0
DA:101,0
DA:102,0
DA:104,0
DA:108,0
DA:134,0
DA:138,0
DA:140,0
DA:141,0
DA:142,0
DA:144,0
DA:145,0
DA:146,0
DA:148,0
DA:149,0
DA:150,0
DA:151,0
DA:152,0
DA:153,0
DA:155,0
DA:156,0
DA:157,0
DA:158,0
DA:159,0
DA:160,0
DA:162,0
DA:166,0
DA:167,0
DA:168,0
DA:169,0
DA:172,0
DA:204,0
DA:209,0
DA:211,0
DA:212,0
DA:213,0
DA:214,0
DA:215,0
DA:217,0
[...]
FN:135,(anonymous_1)
FN:140,(anonymous_2)
FN:190,(anonymous_3)
FN:212,(anonymous_4)
FN:225,(anonymous_5)
FN:241,(anonymous_6)
FN:258,(anonymous_7)
FN:266,(anonymous_8)
FN:298,(anonymous_9)
FN:337,(anonymous_10)
FN:351,(anonymous_11)
FN:365,(anonymous_12)
FN:383,(anonymous_13)
FN:398,(anonymous_14)
FN:409,(anonymous_15)
FN:423,(anonymous_16)
FN:437,(anonymous_17)
FN:443,(anonymous_18)
FNF:18
FNH:0
FNDA:0,(anonymous_1)
FNDA:0,(anonymous_2)
FNDA:0,(anonymous_3)
FNDA:0,(anonymous_4)
FNDA:0,(anonymous_5)
FNDA:0,(anonymous_6)
FNDA:0,(anonymous_7)
FNDA:0,(anonymous_8)
FNDA:0,(anonymous_9)
FNDA:0,(anonymous_10)
FNDA:0,(anonymous_11)
FNDA:0,(anonymous_12)
FNDA:0,(anonymous_13)
FNDA:0,(anonymous_14)
FNDA:0,(anonymous_15)
FNDA:0,(anonymous_16)
FNDA:0,(anonymous_17)
FNDA:0,(anonymous_18)
DA:1,0
DA:134,0
DA:136,0
DA:137,0
DA:141,0
DA:142,0
DA:143,0
DA:146,0
DA:147,0
DA:148,0
DA:153,0
DA:155,0
DA:156,0
DA:158,0
DA:159,0
DA:161,0
DA:162,0
DA:164,0
DA:167,0
DA:169,0
DA:182,0
DA:184,0
DA:191,0
DA:193,0
DA:194,0
DA:197,0
DA:198,0
DA:201,0
DA:202,0
DA:206,0
DA:207,0
DA:208,0
DA:211,0
DA:212,0
DA:213,0
DA:214,0
DA:217,0
DA:219,0
DA:226,0
DA:227,0
DA:234,0
DA:235,0
DA:238,0
DA:241,0
DA:250,0
DA:252,0
DA:259,0
DA:261,0
DA:262,0
DA:263,0
DA:266,0
DA:267,0
DA:268,0
DA:272,0
DA:273,0
DA:275,0
DA:276,0
DA:277,0
DA:279,0
DA:290,0
DA:292,0
DA:299,0
DA:314,0
DA:315,0
DA:318,0
DA:320,0
DA:339,0
DA:341,0
DA:348,0
DA:353,0
DA:355,0
DA:362,0
DA:366,0
DA:384,0
DA:400,0
DA:402,0
DA:403,0
DA:406,0
DA:411,0
DA:413,0
DA:415,0
DA:417,0
DA:419,0
DA:425,0
DA:427,0
DA:429,0
DA:431,0
DA:433,0
DA:439,0
DA:440,0
DA:444,0
LF:91
LH:0
BRDA:137,0,0,0
BRDA:147,1,0,0
BRDA:147,1,1,0
BRDA:153,2,0,0
BRDA:153,2,1,0
BRDA:153,2,2,0
BRDA:153,2,3,0
BRDA:185,3,0,0
BRDA:185,3,1,0
BRDA:193,4,0,0
BRDA:193,4,1,0
BRDA:193,5,0,0
BRDA:193,5,1,0
BRDA:197,6,0,0
BRDA:197,6,1,0
BRDA:197,7,0,0
BRDA:197,7,1,0
BRDA:201,8,0,0
BRDA:201,8,1,0
BRDA:201,9,0,0
BRDA:201,9,1,0
BRDA:207,10,0,0
BRDA:207,10,1,0
BRDA:213,11,0,0
BRDA:213,11,1,0
BRDA:220,12,0,0
BRDA:220,12,1,0
BRDA:234,13,0,0
BRDA:234,13,1,0
BRDA:253,14,0,0
BRDA:253,14,1,0
BRDA:262,15,0,0
BRDA:262,15,1,0
BRDA:267,16,0,0
BRDA:267,16,1,0
BRDA:273,17,0,0
BRDA:273,17,1,0
BRDA:293,18,0,0
BRDA:293,18,1,0
BRDA:307,19,0,0
BRDA:307,19,1,0
BRDA:314,20,0,0
BRDA:314,20,1,0
BRDA:369,21,0,0
BRDA:369,21,1,0
BRDA:389,22,0,0
BRDA:389,22,1,0
BRDA:402,23,0,0
BRDA:402,23,1,0
BRDA:411,24,0,0
BRDA:411,24,1,0
BRDA:411,24,2,0
BRDA:411,24,3,0
BRDA:425,25,0,0
BRDA:425,25,1,0
BRDA:425,25,2,0
BRDA:425,25,3,0
BRF:57
BRH:0
end_of_record
TN:
SF:lib\infrastructure\external\notification-service-adapter.ts
FN:219,(anonymous_3)
FN:225,(anonymous_4)
FN:229,(anonymous_5)
FN:233,(anonymous_6)
FN:237,(anonymous_7)
FN:241,(anonymous_8)
FN:264,(anonymous_9)
FN:299,(anonymous_10)
FN:321,(anonymous_11)
FN:345,(anonymous_12)
FN:376,(anonymous_13)
FN:384,(anonymous_14)
FN:402,(anonymous_15)
FN:410,(anonymous_16)
FN:420,(anonymous_17)
FN:429,(anonymous_18)
FN:437,(anonymous_19)
FN:445,(anonymous_20)
FN:453,(anonymous_21)
FN:461,(anonymous_22)
FN:477,(anonymous_23)
FNF:21
FNH:0
FNDA:0,(anonymous_3)
FNDA:0,(anonymous_4)
FNDA:0,(anonymous_5)
FNDA:0,(anonymous_6)
FNDA:0,(anonymous_7)
FNDA:0,(anonymous_8)
FNDA:0,(anonymous_9)
FNDA:0,(anonymous_10)
FNDA:0,(anonymous_11)
FNDA:0,(anonymous_12)
FNDA:0,(anonymous_13)
FNDA:0,(anonymous_14)
FNDA:0,(anonymous_15)
FNDA:0,(anonymous_16)
FNDA:0,(anonymous_17)
FNDA:0,(anonymous_18)
FNDA:0,(anonymous_19)
FNDA:0,(anonymous_20)
FNDA:0,(anonymous_21)
FNDA:0,(anonymous_22)
FNDA:0,(anonymous_23)
DA:1,0
DA:218,0
DA:220,0
DA:221,0
DA:222,0
DA:226,0
DA:230,0
DA:234,0
DA:238,0
DA:242,0
DA:243,0
DA:251,0
DA:252,0
DA:255,0
DA:256,0
DA:258,0
DA:265,0
DA:267,0
DA:268,0
DA:271,0
DA:272,0
DA:275,0
DA:276,0
DA:280,0
DA:282,0
DA:284,0
DA:286,0
DA:288,0
DA:290,0
DA:293,0
DA:300,0
DA:302,0
DA:303,0
DA:304,0
DA:308,0
DA:320,0
DA:321,0
DA:322,0
DA:325,0
DA:327,0
DA:337,0
DA:339,0
DA:347,0
DA:349,0
DA:350,0
DA:351,0
DA:356,0
DA:357,0
DA:358,0
DA:359,0
DA:365,0
DA:366,0
DA:367,0
DA:368,0
DA:373,0
DA:377,0
DA:378,0
DA:381,0
DA:386,0
DA:388,0
DA:389,0
DA:390,0
DA:395,0
DA:396,0
DA:399,0
DA:403,0
DA:404,0
DA:407,0
DA:411,0
DA:419,0
DA:421,0
DA:430,0
DA:431,0
DA:432,0
DA:434,0
DA:438,0
DA:439,0
DA:440,0
DA:442,0
DA:446,0
DA:447,0
DA:448,0
DA:450,0
DA:454,0
DA:455,0
DA:456,0
DA:458,0
DA:463,0
DA:465,0
DA:466,0
DA:467,0
DA:468,0
DA:469,0
DA:474,0
DA:478,0
DA:479,0
DA:480,0
DA:482,0
LF:98
LH:0
BRDA:222,0,0,0
BRDA:251,1,0,0
BRDA:251,1,1,0
BRDA:256,2,0,0
BRDA:256,2,1,0
BRDA:259,3,0,0
BRDA:259,3,1,0
BRDA:267,4,0,0
BRDA:267,4,1,0
BRDA:271,5,0,0
BRDA:271,5,1,0
BRDA:271,6,0,0
BRDA:271,6,1,0
BRDA:275,7,0,0
BRDA:275,7,1,0
BRDA:280,8,0,0
BRDA:280,8,1,0
BRDA:280,8,2,0
BRDA:280,8,3,0
BRDA:280,8,4,0
BRDA:294,9,0,0
BRDA:294,9,1,0
BRDA:303,10,0,0
BRDA:303,10,1,0
BRDA:320,11,0,0
BRDA:320,11,1,0
BRDA:328,12,0,0
BRDA:328,12,1,0
BRDA:329,13,0,0
BRDA:329,13,1,0
BRDA:330,14,0,0
BRDA:330,14,1,0
BRDA:331,15,0,0
BRDA:331,15,1,0
BRDA:334,16,0,0
BRDA:334,16,1,0
BRDA:340,17,0,0
BRDA:340,17,1,0
BRDA:350,18,0,0
BRDA:350,18,1,0
BRDA:356,19,0,0
BRDA:356,19,1,0
BRDA:358,20,0,0
BRDA:358,20,1,0
BRDA:365,21,0,0
BRDA:365,21,1,0
BRDA:367,22,0,0
BRDA:367,22,1,0
BRDA:377,23,0,0
BRDA:377,23,1,0
BRDA:377,24,0,0
BRDA:377,24,1,0
BRDA:389,25,0,0
BRDA:389,25,1,0
BRDA:395,26,0,0
BRDA:395,26,1,0
BRDA:403,27,0,0
BRDA:403,27,1,0
BRDA:403,28,0,0
BRDA:403,28,1,0
BRDA:431,29,0,0
BRDA:431,29,1,0
BRDA:439,30,0,0
BRDA:439,30,1,0
BRDA:447,31,0,0
BRDA:447,31,1,0
BRDA:455,32,0,0
BRDA:455,32,1,0
BRDA:466,33,0,0
BRDA:466,33,1,0
BRDA:468,34,0,0
BRDA:468,34,1,0
BRDA:479,35,0,0
BRDA:479,35,1,0
BRF:74
BRH:0
end_of_record
TN:
SF:lib\infrastructure\repositories\base-repository.ts
FN:8,(anonymous_1)
FN:15,(anonymous_2)
FN:31,(anonymous_3)
FNF:3
FNH:0
FNDA:0,(anonymous_1)
FNDA:0,(anonymous_2)
FNDA:0,(anonymous_3)
DA:2,0
DA:7,0
DA:9,0
DA:18,0
DA:19,0
DA:20,0
DA:22,0
DA:32,0
DA:33,0
DA:35,0
DA:36,0
DA:38,0
DA:39,0
DA:41,0
DA:42,0
DA:44,0
DA:45,0
DA:48,0
LF:18
LH:0
BRDA:23,0,0,0
BRDA:23,0,1,0
BRDA:32,1,0,0
BRDA:32,1,1,0
BRDA:35,2,0,0
BRDA:35,2,1,0
BRDA:38,3,0,0
BRDA:38,3,1,0
BRDA:41,4,0,0
BRDA:41,4,1,0
BRDA:44,5,0,0
BRDA:44,5,1,0
BRDA:48,6,0,0
BRDA:48,6,1,0
BRF:14
BRH:0
end_of_record
TN:
SF:lib\infrastructure\repositories\supabase-function-model-repository.ts
FN:77,(anonymous_1)
FN:81,(anonymous_2)
FN:82,(anonymous_3)
FN:94,(anonymous_4)
FN:112,(anonymous_5)
FN:133,(anonymous_6)
FN:199,(anonymous_7)
FN:223,(anonymous_8)
FN:224,(anonymous_9)
FN:237,(anonymous_10)
FN:275,(anonymous_11)
FN:299,(anonymous_12)
FN:319,(anonymous_13)
FN:322,(anonymous_14)
FN:353,(anonymous_15)
FN:362,(anonymous_16)
FN:372,(anonymous_17)
FN:416,(anonymous_18)
FN:438,(anonymous_19)
FN:450,(anonymous_20)
FNF:20
FNH:0
FNDA:0,(anonymous_1)
FNDA:0,(anonymous_2)
FNDA:0,(anonymous_3)
FNDA:0,(anonymous_4)
FNDA:0,(anonymous_5)
FNDA:0,(anonymous_6)
FNDA:0,(anonymous_7)
FNDA:0,(anonymous_8)
FNDA:0,(anonymous_9)
FNDA:0,(anonymous_10)
FNDA:0,(anonymous_11)
FNDA:0,(anonymous_12)
FNDA:0,(anonymous_13)
FNDA:0,(anonymous_14)
FNDA:0,(anonymous_15)
FNDA:0,(anonymous_16)
FNDA:0,(anonymous_17)
FNDA:0,(anonymous_18)
FNDA:0,(anonymous_19)
FNDA:0,(anonymous_20)
DA:2,0
DA:5,0
DA:6,0
DA:7,0
DA:8,0
DA:9,0
DA:10,0
DA:11,0
DA:12,0
DA:13,0
DA:14,0
DA:15,0
DA:16,0
DA:18,0
DA:19,0
DA:76,0
DA:78,0
DA:82,0
DA:84,0
DA:85,0
DA:89,0
DA:90,0
DA:94,0
DA:95,0
DA:97,0
DA:102,0
DA:106,0
DA:107,0
DA:112,0
DA:113,0
DA:115,0
DA:120,0
DA:124,0
DA:125,0
DA:129,0
DA:134,0
DA:136,0
DA:143,0
DA:144,0
DA:145,0
DA:147,0
DA:151,0
DA:156,0
DA:157,0
DA:161,0
DA:166,0
DA:167,0
DA:171,0
DA:174,0
DA:175,0
DA:176,0
DA:177,0
DA:178,0
DA:184,0
DA:185,0
DA:186,0
DA:187,0
DA:188,0
DA:193,0
DA:195,0
DA:200,0
DA:201,0
DA:209,0
DA:210,0
DA:211,0
DA:213,0
DA:216,0
DA:217,0
DA:219,0
DA:224,0
DA:226,0
DA:231,0
DA:232,0
DA:238,0
DA:239,0
DA:245,0
DA:246,0
DA:248,0
DA:249,0
DA:251,0
DA:252,0
DA:255,0
DA:257,0
DA:258,0
DA:261,0
DA:262,0
DA:263,0
DA:264,0
DA:265,0
DA:269,0
DA:271,0
DA:276,0
DA:277,0
DA:278,0
DA:280,0
DA:300,0
DA:320,0
DA:321,0
DA:322,0
DA:324,0
DA:337,0
DA:339,0
DA:344,0
DA:349,0
DA:354,0
DA:362,0
DA:373,0
DA:374,0
DA:375,0
DA:376,0
DA:378,0
DA:395,0
DA:397,0
DA:402,0
DA:407,0
DA:412,0
DA:417,0
DA:439,0
DA:441,0
DA:442,0
DA:443,0
DA:444,0
DA:447,0
DA:451,0
DA:453,0
DA:454,0
DA:455,0
DA:456,0
DA:457,0
DA:458,0
DA:461,0
LF:131
LH:0
BRDA:89,0,0,0
BRDA:89,0,1,0
BRDA:95,1,0,0
BRDA:95,1,1,0
BRDA:106,2,0,0
BRDA:106,2,1,0
BRDA:113,3,0,0
BRDA:113,3,1,0
BRDA:124,4,0,0
BRDA:124,4,1,0
BRDA:143,5,0,0
BRDA:143,5,1,0
BRDA:144,6,0,0
BRDA:144,6,1,0
BRDA:156,7,0,0
BRDA:156,7,1,0
BRDA:166,8,0,0
BRDA:166,8,1,0
BRDA:174,9,0,0
BRDA:174,9,1,0
BRDA:177,10,0,0
BRDA:177,10,1,0
BRDA:184,11,0,0
BRDA:184,11,1,0
BRDA:187,12,0,0
BRDA:187,12,1,0
BRDA:209,13,0,0
BRDA:209,13,1,0
BRDA:210,14,0,0
BRDA:210,14,1,0
BRDA:231,15,0,0
BRDA:231,15,1,0
BRDA:245,16,0,0
BRDA:245,16,1,0
BRDA:248,17,0,0
BRDA:248,17,1,0
BRDA:251,18,0,0
BRDA:251,18,1,0
BRDA:257,19,0,0
BRDA:257,19,1,0
BRDA:264,20,0,0
BRDA:264,20,1,0
BRDA:264,21,0,0
BRDA:264,21,1,0
BRDA:288,22,0,0
BRDA:288,22,1,0
BRDA:289,23,0,0
BRDA:289,23,1,0
BRDA:295,24,0,0
BRDA:295,24,1,0
BRDA:331,25,0,0
BRDA:331,25,1,0
BRDA:332,26,0,0
BRDA:332,26,1,0
BRDA:337,27,0,0
BRDA:337,27,1,0
BRDA:337,27,2,0
BRDA:341,28,0,0
BRDA:341,28,1,0
BRDA:346,29,0,0
BRDA:346,29,1,0
BRDA:390,30,0,0
BRDA:390,30,1,0
BRDA:395,31,0,0
BRDA:395,31,1,0
BRDA:395,31,2,0
BRDA:395,31,3,0
BRDA:399,32,0,0
BRDA:399,32,1,0
BRDA:404,33,0,0
BRDA:404,33,1,0
BRDA:409,34,0,0
BRDA:409,34,1,0
BRDA:441,35,0,0
BRDA:441,35,1,0
BRDA:443,36,0,0
BRDA:443,36,1,0
BRDA:453,37,0,0
BRDA:453,37,1,0
BRDA:455,38,0,0
BRDA:455,38,1,0
BRDA:457,39,0,0
BRDA:457,39,1,0
BRF:83
BRH:0
end_of_record
TN:
SF:lib\supabase\client.ts
FN:3,createClient
FNF:1
FNH:0
FNDA:0,createClient
DA:1,0
DA:3,0
DA:4,0
LF:3
LH:0
BRF:0
BRH:0
end_of_record
TN:
SF:lib\supabase\middleware.ts
FN:4,updateSession
FN:16,(anonymous_2)
FN:19,(anonymous_3)
FN:36,(anonymous_4)
FNF:4
FNH:0
FNDA:0,updateSession
FNDA:0,(anonymous_2)
FNDA:0,(anonymous_3)
FNDA:0,(anonymous_4)
DA:1,0
DA:2,0
DA:4,0
DA:5,0
DA:11,0
DA:17,0
DA:20,0
DA:25,0
DA:30,0
DA:37,0
DA:42,0
DA:47,0
DA:57,0
DA:59,0
LF:14
LH:0
BRF:0
BRH:0
end_of_record
TN:
SF:lib\supabase\server.ts
FN:5,createClient
FN:13,(anonymous_2)
FN:16,(anonymous_3)
FN:19,(anonymous_4)
FNF:4
FNH:0
FNDA:0,createClient
FNDA:0,(anonymous_2)
FNDA:0,(anonymous_3)
FNDA:0,(anonymous_4)
DA:1,0
DA:2,0
DA:5,0
DA:6,0
DA:8,0
DA:14,0
DA:17,0
DA:20,0
LF:8
LH:0
BRF:0
BRH:0
end_of_record
TN:
SF:lib\use-cases\get-services.ts
FN:35,getWorkProcess
FN:123,getServiceOfferings
FN:179,getServiceById
FN:181,(anonymous_8)
FN:187,getServicesByCategory
FNF:5
FNH:0
FNDA:0,getWorkProcess
FNDA:0,getServiceOfferings
FNDA:0,getServiceById
FNDA:0,(anonymous_8)
FNDA:0,getServicesByCategory
DA:35,0
DA:36,0
DA:123,0
DA:124,0
DA:179,0
DA:180,0
DA:181,0
DA:187,0
DA:188,0
DA:190,0
DA:192,0
DA:194,0
LF:12
LH:0
BRDA:188,0,0,0
BRDA:188,0,1,0
BRDA:188,0,2,0
BRF:3
BRH:0
end_of_record
TN:
SF:lib\use-cases\get-testimonials.ts
FN:13,getTestimonials
FN:75,getFeaturedTestimonials
FN:84,getTestimonialsByCompanySize
FN:104,getTestimonialsByIndustry
FN:115,getTestimonialById
FN:117,(anonymous_12)
FN:123,getTestimonialStats
FN:132,(anonymous_14)
FN:133,(anonymous_15)
FN:135,(anonymous_16)
FNF:10
FNH:0
FNDA:0,getTestimonials
FNDA:0,getFeaturedTestimonials
FNDA:0,getTestimonialsByCompanySize
FNDA:0,getTestimonialsByIndustry
FNDA:0,getTestimonialById
FNDA:0,(anonymous_12)
FNDA:0,getTestimonialStats
FNDA:0,(anonymous_14)
FNDA:0,(anonymous_15)
FNDA:0,(anonymous_16)
DA:13,0
DA:14,0
DA:75,0
DA:76,0
DA:78,0
DA:84,0
DA:85,0
DA:89,0
DA:91,0
DA:93,0
DA:95,0
DA:97,0
DA:104,0
DA:105,0
DA:109,0
DA:115,0
DA:116,0
DA:117,0
DA:123,0
DA:129,0
DA:131,0
DA:132,0
DA:133,0
DA:134,0
DA:135,0
DA:137,0
LF:26
LH:0
BRDA:89,0,0,0
BRDA:89,0,1,0
BRDA:89,0,2,0
BRDA:89,0,3,0
BRDA:132,1,0,0
BRDA:132,1,1,0
BRF:6
BRH:0
end_of_record
TN:
SF:lib\use-cases\index.ts
FNF:0
FNH:0
DA:45,0
DA:51,0
DA:54,0
DA:56,0
DA:59,0
DA:61,0
DA:65,0
DA:70,0
LF:8
LH:0
BRF:0
BRH:0
end_of_record
TN:
SF:lib\use-cases\function-model\create-function-model-use-case.ts
FN:46,(anonymous_1)
FN:51,(anonymous_2)
FN:146,(anonymous_3)
FNF:3
FNH:0
FNDA:0,(anonymous_1)
FNDA:0,(anonymous_2)
FNDA:0,(anonymous_3)
DA:1,0
DA:2,0
DA:3,0
DA:4,0
DA:5,0
DA:45,0
DA:47,0
DA:48,0
DA:52,0
DA:54,0
DA:55,0
DA:56,0
DA:60,0
DA:61,0
DA:62,0
DA:65,0
DA:68,0
DA:73,0
DA:74,0
DA:78,0
DA:81,0
DA:102,0
DA:103,0
DA:106,0
DA:109,0
DA:110,0
DA:111,0
DA:115,0
DA:131,0
DA:140,0
DA:147,0
DA:148,0
DA:151,0
DA:152,0
DA:155,0
DA:156,0
DA:159,0
DA:160,0
DA:163,0
LF:39
LH:0
BRDA:55,0,0,0
BRDA:55,0,1,0
BRDA:61,1,0,0
BRDA:61,1,1,0
BRDA:73,2,0,0
BRDA:73,2,1,0
BRDA:102,3,0,0
BRDA:102,3,1,0
BRDA:110,4,0,0
BRDA:110,4,1,0
BRDA:141,5,0,0
BRDA:141,5,1,0
BRDA:147,6,0,0
BRDA:147,6,1,0
BRDA:147,7,0,0
BRDA:147,7,1,0
BRDA:151,8,0,0
BRDA:151,8,1,0
BRDA:151,9,0,0
BRDA:151,9,1,0
BRDA:155,10,0,0
BRDA:155,10,1,0
BRDA:155,11,0,0
BRDA:155,11,1,0
BRDA:159,12,0,0
BRDA:159,12,1,0
BRDA:159,13,0,0
BRDA:159,13,1,0
BRF:28
BRH:0
end_of_record
TN:
SF:lib\use-cases\function-model\publish-function-model-use-case.ts
FN:16,(anonymous_1)
FN:21,(anonymous_2)
FN:149,(anonymous_3)
FN:169,(anonymous_4)
FN:192,(anonymous_5)
FN:201,(anonymous_6)
FN:202,(anonymous_7)
FN:206,(anonymous_8)
FNF:8
FNH:0
FNDA:0,(anonymous_1)
FNDA:0,(anonymous_2)
FNDA:0,(anonymous_3)
FNDA:0,(anonymous_4)
FNDA:0,(anonymous_5)
FNDA:0,(anonymous_6)
FNDA:0,(anonymous_7)
FNDA:0,(anonymous_8)
DA:2,0
DA:3,0
DA:4,0
DA:15,0
DA:17,0
DA:18,0
DA:22,0
DA:24,0
DA:25,0
DA:26,0
DA:30,0
DA:31,0
DA:32,0
DA:35,0
DA:38,0
DA:39,0
DA:43,0
DA:44,0
DA:47,0
DA:48,0
DA:51,0
DA:52,0
DA:56,0
DA:57,0
DA:58,0
DA:61,0
DA:64,0
DA:65,0
DA:69,0
DA:70,0
DA:71,0
DA:74,0
DA:75,0
DA:76,0
DA:77,0
DA:81,0
DA:82,0
DA:83,0
DA:84,0
DA:88,0
DA:89,0
DA:90,0
DA:94,0
DA:97,0
DA:98,0
DA:99,0
DA:103,0
DA:106,0
DA:135,0
DA:143,0
DA:150,0
DA:151,0
DA:154,0
DA:155,0
DA:158,0
DA:159,0
DA:162,0
DA:163,0
DA:166,0
DA:170,0
DA:173,0
DA:174,0
DA:178,0
DA:179,0
DA:180,0
DA:184,0
DA:185,0
DA:186,0
DA:189,0
DA:193,0
DA:201,0
DA:202,0
DA:207,0
DA:208,0
DA:209,0
DA:210,0
DA:212,0
LF:77
LH:0
BRDA:25,0,0,0
BRDA:25,0,1,0
BRDA:31,1,0,0
BRDA:31,1,1,0
BRDA:38,2,0,0
BRDA:38,2,1,0
BRDA:43,3,0,0
BRDA:43,3,1,0
BRDA:47,4,0,0
BRDA:47,4,1,0
BRDA:51,5,0,0
BRDA:51,5,1,0
BRDA:57,6,0,0
BRDA:57,6,1,0
BRDA:64,7,0,0
BRDA:64,7,1,0
BRDA:70,8,0,0
BRDA:70,8,1,0
BRDA:75,9,0,0
BRDA:75,9,1,0
BRDA:82,10,0,0
BRDA:82,10,1,0
BRDA:89,11,0,0
BRDA:89,11,1,0
BRDA:98,12,0,0
BRDA:98,12,1,0
BRDA:144,13,0,0
BRDA:144,13,1,0
BRDA:150,14,0,0
BRDA:150,14,1,0
BRDA:150,15,0,0
BRDA:150,15,1,0
BRDA:154,16,0,0
BRDA:154,16,1,0
BRDA:154,17,0,0
BRDA:154,17,1,0
BRDA:158,18,0,0
BRDA:158,18,1,0
BRDA:158,19,0,0
BRDA:158,19,1,0
BRDA:162,20,0,0
BRDA:162,20,1,0
BRDA:162,21,0,0
BRDA:162,21,1,0
BRDA:173,22,0,0
BRDA:173,22,1,0
BRDA:178,23,0,0
BRDA:178,23,1,0
BRDA:179,24,0,0
BRDA:179,24,1,0
BRDA:184,25,0,0
BRDA:184,25,1,0
BRDA:185,26,0,0
BRDA:185,26,1,0
BRDA:207,27,0,0
BRDA:207,27,1,0
BRDA:209,28,0,0
BRDA:209,28,1,0
BRF:58
BRH:0
end_of_record
TN:
SF:lib\use-cases\function-model\update-function-model-use-case.ts
FN:17,(anonymous_1)
FN:22,(anonymous_2)
FN:141,(anonymous_3)
FN:166,(anonymous_4)
FNF:4
FNH:0
FNDA:0,(anonymous_1)
FNDA:0,(anonymous_2)
FNDA:0,(anonymous_3)
FNDA:0,(anonymous_4)
DA:2,0
DA:3,0
DA:4,0
DA:16,0
DA:18,0
DA:19,0
DA:23,0
DA:25,0
DA:26,0
DA:27,0
DA:31,0
DA:32,0
DA:33,0
DA:36,0
DA:39,0
DA:40,0
DA:44,0
DA:45,0
DA:48,0
DA:49,0
DA:53,0
DA:56,0
DA:57,0
DA:58,0
DA:59,0
DA:62,0
DA:63,0
DA:64,0
DA:66,0
DA:67,0
DA:68,0
DA:74,0
DA:75,0
DA:76,0
DA:77,0
DA:79,0
DA:80,0
DA:81,0
DA:87,0
DA:88,0
DA:89,0
DA:91,0
DA:92,0
DA:94,0
DA:95,0
DA:96,0
DA:102,0
DA:103,0
DA:104,0
DA:105,0
DA:109,0
DA:112,0
DA:126,0
DA:135,0
DA:142,0
DA:143,0
DA:146,0
DA:147,0
DA:150,0
DA:151,0
DA:154,0
DA:155,0
DA:159,0
DA:160,0
DA:163,0
DA:167,0
DA:170,0
DA:171,0
DA:175,0
DA:176,0
DA:177,0
DA:180,0
LF:72
LH:0
BRDA:26,0,0,0
BRDA:26,0,1,0
BRDA:32,1,0,0
BRDA:32,1,1,0
BRDA:39,2,0,0
BRDA:39,2,1,0
BRDA:44,3,0,0
BRDA:44,3,1,0
BRDA:48,4,0,0
BRDA:48,4,1,0
BRDA:56,5,0,0
BRDA:56,5,1,0
BRDA:58,6,0,0
BRDA:58,6,1,0
BRDA:63,7,0,0
BRDA:63,7,1,0
BRDA:67,8,0,0
BRDA:67,8,1,0
BRDA:74,9,0,0
BRDA:74,9,1,0
BRDA:75,10,0,0
BRDA:75,10,1,0
BRDA:76,11,0,0
BRDA:76,11,1,0
BRDA:80,12,0,0
BRDA:80,12,1,0
BRDA:87,13,0,0
BRDA:87,13,1,0
BRDA:91,14,0,0
BRDA:91,14,1,0
BRDA:95,15,0,0
BRDA:95,15,1,0
BRDA:102,16,0,0
BRDA:102,16,1,0
BRDA:104,17,0,0
BRDA:104,17,1,0
BRDA:136,18,0,0
BRDA:136,18,1,0
BRDA:142,19,0,0
BRDA:142,19,1,0
BRDA:142,20,0,0
BRDA:142,20,1,0
BRDA:146,21,0,0
BRDA:146,21,1,0
BRDA:146,22,0,0
BRDA:146,22,1,0
BRDA:150,23,0,0
BRDA:150,23,1,0
BRDA:150,24,0,0
BRDA:150,24,1,0
BRDA:154,25,0,0
BRDA:154,25,1,0
BRDA:154,26,0,0
BRDA:154,26,1,0
BRDA:159,27,0,0
BRDA:159,27,1,0
BRDA:159,28,0,0
BRDA:159,28,1,0
BRDA:159,28,2,0
BRDA:170,29,0,0
BRDA:170,29,1,0
BRDA:175,30,0,0
BRDA:175,30,1,0
BRDA:176,31,0,0
BRDA:176,31,1,0
BRF:65
BRH:0
end_of_record
TN:
SF:lib\use-cases\queries\get-function-model-query.ts
FN:74,(anonymous_1)
FN:78,(anonymous_2)
FN:144,(anonymous_3)
FN:156,(anonymous_4)
FN:179,(anonymous_5)
FN:180,(anonymous_6)
FN:186,(anonymous_7)
FN:196,(anonymous_8)
FN:197,(anonymous_9)
FN:217,(anonymous_10)
FN:240,(anonymous_11)
FN:264,(anonymous_12)
FN:270,(anonymous_13)
FN:277,(anonymous_14)
FN:283,(anonymous_15)
FN:285,(anonymous_16)
FN:296,(anonymous_17)
FN:312,(anonymous_18)
FN:313,(anonymous_19)
FN:316,(anonymous_20)
FN:333,(anonymous_21)
FN:342,(anonymous_22)
FNF:22
FNH:0
FNDA:0,(anonymous_1)
FNDA:0,(anonymous_2)
FNDA:0,(anonymous_3)
FNDA:0,(anonymous_4)
FNDA:0,(anonymous_5)
FNDA:0,(anonymous_6)
FNDA:0,(anonymous_7)
FNDA:0,(anonymous_8)
FNDA:0,(anonymous_9)
FNDA:0,(anonymous_10)
FNDA:0,(anonymous_11)
FNDA:0,(anonymous_12)
FNDA:0,(anonymous_13)
FNDA:0,(anonymous_14)
FNDA:0,(anonymous_15)
FNDA:0,(anonymous_16)
FNDA:0,(anonymous_17)
FNDA:0,(anonymous_18)
FNDA:0,(anonymous_19)
FNDA:0,(anonymous_20)
FNDA:0,(anonymous_21)
FNDA:0,(anonymous_22)
DA:4,0
DA:73,0
DA:75,0
DA:79,0
DA:81,0
DA:82,0
DA:83,0
DA:87,0
DA:88,0
DA:89,0
DA:92,0
DA:95,0
DA:96,0
DA:100,0
DA:101,0
DA:105,0
DA:121,0
DA:122,0
DA:126,0
DA:127,0
DA:131,0
DA:132,0
DA:135,0
DA:138,0
DA:145,0
DA:146,0
DA:149,0
DA:150,0
DA:153,0
DA:157,0
DA:160,0
DA:161,0
DA:165,0
DA:166,0
DA:167,0
DA:171,0
DA:172,0
DA:173,0
DA:176,0
DA:180,0
DA:186,0
DA:197,0
DA:220,0
DA:223,0
DA:225,0
DA:226,0
DA:227,0
DA:229,0
DA:231,0
DA:232,0
DA:233,0
DA:237,0
DA:241,0
DA:244,0
DA:245,0
DA:246,0
DA:247,0
DA:249,0
DA:250,0
DA:251,0
DA:252,0
DA:254,0
DA:255,0
DA:256,0
DA:257,0
DA:261,0
DA:265,0
DA:266,0
DA:269,0
DA:270,0
DA:271,0
DA:272,0
DA:276,0
DA:277,0
DA:278,0
DA:279,0
DA:283,0
DA:284,0
DA:285,0
DA:286,0
DA:287,0
DA:290,0
DA:293,0
DA:296,0
DA:297,0
DA:300,0
DA:313,0
DA:314,0
DA:316,0
DA:317,0
DA:318,0
DA:321,0
DA:322,0
DA:325,0
DA:326,0
DA:327,0
DA:328,0
DA:331,0
DA:332,0
DA:333,0
DA:335,0
DA:337,0
DA:338,0
DA:339,0
DA:342,0
LF:105
LH:0
BRDA:82,0,0,0
BRDA:82,0,1,0
BRDA:88,1,0,0
BRDA:88,1,1,0
BRDA:95,2,0,0
BRDA:95,2,1,0
BRDA:100,3,0,0
BRDA:100,3,1,0
BRDA:121,4,0,0
BRDA:121,4,1,0
BRDA:126,5,0,0
BRDA:126,5,1,0
BRDA:131,6,0,0
BRDA:131,6,1,0
BRDA:131,7,0,0
BRDA:131,7,1,0
BRDA:139,8,0,0
BRDA:139,8,1,0
BRDA:145,9,0,0
BRDA:145,9,1,0
BRDA:145,10,0,0
BRDA:145,10,1,0
BRDA:149,11,0,0
BRDA:149,11,1,0
BRDA:149,12,0,0
BRDA:149,12,1,0
BRDA:160,13,0,0
BRDA:160,13,1,0
BRDA:165,14,0,0
BRDA:165,14,1,0
BRDA:166,15,0,0
BRDA:166,15,1,0
BRDA:171,16,0,0
BRDA:171,16,1,0
BRDA:172,17,0,0
BRDA:172,17,1,0
BRDA:223,18,0,0
BRDA:223,18,1,0
BRDA:226,19,0,0
BRDA:226,19,1,0
BRDA:229,20,0,0
BRDA:229,20,1,0
BRDA:232,21,0,0
BRDA:232,21,1,0
BRDA:244,22,0,0
BRDA:244,22,1,0
BRDA:246,23,0,0
BRDA:246,23,1,0
BRDA:249,24,0,0
BRDA:249,24,1,0
BRDA:251,25,0,0
BRDA:251,25,1,0
BRDA:254,26,0,0
BRDA:254,26,1,0
BRDA:256,27,0,0
BRDA:256,27,1,0
BRDA:272,28,0,0
BRDA:272,28,1,0
BRDA:279,29,0,0
BRDA:279,29,1,0
BRDA:290,30,0,0
BRDA:290,30,1,0
BRDA:297,31,0,0
BRDA:297,31,1,0
BRDA:308,32,0,0
BRDA:308,32,1,0
BRDA:316,33,0,0
BRDA:317,34,0,0
BRDA:317,34,1,0
BRDA:321,35,0,0
BRDA:321,35,1,0
BRDA:326,36,0,0
BRDA:326,36,1,0
BRDA:326,37,0,0
BRDA:326,37,1,0
BRF:75
BRH:0
end_of_record
